\BOOKMARK [0][-]{chapter*.1}{\376\377\000R\000E\000C\000O\000N\000O\000C\000I\000M\000I\000E\000N\000T\000O\000S\000\040\000Y\000\040\000A\000G\000R\000A\000D\000E\000C\000I\000M\000I\000E\000N\000T\000O\000S}{}% 1
\BOOKMARK [0][-]{chapter*.2}{\376\377\000\315\000N\000D\000I\000C\000E\000\040\000G\000E\000N\000E\000R\000A\000L}{}% 2
\BOOKMARK [0][-]{chapter*.3}{\376\377\000L\000I\000S\000T\000A\000\040\000D\000E\000\040\000F\000I\000G\000U\000R\000A\000S}{}% 3
\BOOKMARK [0][-]{chapter*.4}{\376\377\000L\000I\000S\000T\000A\000\040\000D\000E\000\040\000T\000A\000B\000L\000A\000S}{}% 4
\BOOKMARK [0][-]{chapter*.5}{\376\377\000L\000I\000S\000T\000A\000\040\000D\000E\000\040\000A\000C\000R\000\323\000N\000I\000M\000O\000S}{}% 5
\BOOKMARK [0][-]{chapter*.6}{\376\377\000I\000N\000T\000R\000O\000D\000U\000C\000C\000I\000\323\000N}{}% 6
\BOOKMARK [0][-]{chapter.1}{\376\377\000M\000A\000R\000C\000O\000\040\000R\000E\000F\000E\000R\000E\000N\000C\000I\000A\000L}{}% 7
\BOOKMARK [1][-]{section.1.1}{\376\377\0001\000.\0001\000\040\000P\000l\000a\000n\000t\000e\000a\000m\000i\000e\000n\000t\000o\000\040\000d\000e\000l\000\040\000p\000r\000o\000b\000l\000e\000m\000a}{chapter.1}% 8
\BOOKMARK [1][-]{section.1.2}{\376\377\0001\000.\0002\000\040\000J\000u\000s\000t\000i\000f\000i\000c\000a\000c\000i\000\363\000n}{chapter.1}% 9
\BOOKMARK [1][-]{section.1.3}{\376\377\0001\000.\0003\000\040\000O\000b\000j\000e\000t\000i\000v\000o\000s}{chapter.1}% 10
\BOOKMARK [2][-]{subsection.1.3.1}{\376\377\0001\000.\0003\000.\0001\000\040\000O\000b\000j\000e\000t\000i\000v\000o\000\040\000g\000e\000n\000e\000r\000a\000l}{section.1.3}% 11
\BOOKMARK [2][-]{subsection.1.3.2}{\376\377\0001\000.\0003\000.\0002\000\040\000O\000b\000j\000e\000t\000i\000v\000o\000s\000\040\000e\000s\000p\000e\000c\000\355\000f\000i\000c\000o\000s}{section.1.3}% 12
\BOOKMARK [1][-]{section.1.4}{\376\377\0001\000.\0004\000\040\000A\000n\000t\000e\000c\000e\000d\000e\000n\000t\000e\000s}{chapter.1}% 13
\BOOKMARK [0][-]{chapter.2}{\376\377\000M\000A\000R\000C\000O\000\040\000T\000E\000\323\000R\000I\000C\000O}{}% 14
\BOOKMARK [1][-]{section.2.1}{\376\377\0002\000.\0001\000\040\000E\000s\000t\000r\000u\000c\000t\000u\000r\000a\000s\000\040\000c\000i\000v\000i\000l\000e\000s}{chapter.2}% 15
\BOOKMARK [2][-]{subsection.2.1.1}{\376\377\0002\000.\0001\000.\0001\000\040\000C\000a\000r\000a\000c\000t\000e\000r\000\355\000s\000t\000i\000c\000a\000s\000\040\000g\000e\000n\000e\000r\000a\000l\000e\000s}{section.2.1}% 16
\BOOKMARK [2][-]{subsection.2.1.2}{\376\377\0002\000.\0001\000.\0002\000\040\000T\000i\000p\000o\000s\000\040\000d\000e\000\040\000e\000s\000t\000r\000u\000c\000t\000u\000r\000a\000s}{section.2.1}% 17
\BOOKMARK [2][-]{subsection.2.1.3}{\376\377\0002\000.\0001\000.\0003\000\040\000C\000o\000m\000p\000o\000r\000t\000a\000m\000i\000e\000n\000t\000o\000\040\000d\000e\000\040\000l\000a\000s\000\040\000e\000s\000t\000r\000u\000c\000t\000u\000r\000a\000s\000\040\000c\000i\000v\000i\000l\000e\000s}{section.2.1}% 18
\BOOKMARK [2][-]{subsection.2.1.4}{\376\377\0002\000.\0001\000.\0004\000\040\000D\000a\000\361\000o\000\040\000e\000n\000\040\000e\000s\000t\000r\000u\000c\000t\000u\000r\000a\000s}{section.2.1}% 19
\BOOKMARK [2][-]{subsection.2.1.5}{\376\377\0002\000.\0001\000.\0005\000\040\000P\000r\000i\000n\000c\000i\000p\000i\000o\000s\000\040\000d\000e\000\040\000l\000a\000\040\000S\000i\000s\000m\000o\000r\000e\000s\000i\000s\000t\000e\000n\000c\000i\000a}{section.2.1}% 20
\BOOKMARK [1][-]{section.2.2}{\376\377\0002\000.\0002\000\040\000S\000a\000l\000u\000d\000\040\000e\000s\000t\000r\000u\000c\000t\000u\000r\000a\000l}{chapter.2}% 21
\BOOKMARK [2][-]{subsection.2.2.1}{\376\377\0002\000.\0002\000.\0001\000\040\000D\000e\000f\000i\000n\000i\000c\000i\000\363\000n}{section.2.2}% 22
\BOOKMARK [2][-]{subsection.2.2.2}{\376\377\0002\000.\0002\000.\0002\000\040\000R\000e\000s\000e\000\361\000a\000\040\000h\000i\000s\000t\000\363\000r\000i\000c\000a}{section.2.2}% 23
\BOOKMARK [2][-]{subsection.2.2.3}{\376\377\0002\000.\0002\000.\0003\000\040\000L\000\355\000n\000e\000a\000\040\000d\000e\000\040\000t\000r\000a\000b\000a\000j\000o\000\040\000d\000e\000l\000\040\000M\000o\000n\000i\000t\000o\000r\000e\000o\000\040\000d\000e\000\040\000S\000a\000l\000u\000d\000\040\000E\000s\000t\000r\000u\000c\000t\000u\000r\000a\000l}{section.2.2}% 24
\BOOKMARK [2][-]{subsection.2.2.4}{\376\377\0002\000.\0002\000.\0004\000\040\000C\000r\000i\000t\000e\000r\000i\000o\000s\000\040\000d\000e\000\040\000e\000v\000a\000l\000u\000a\000c\000i\000\363\000n}{section.2.2}% 25
\BOOKMARK [2][-]{subsection.2.2.5}{\376\377\0002\000.\0002\000.\0005\000\040\000V\000a\000r\000i\000a\000b\000l\000e\000s\000\040\000d\000e\000\040\000i\000n\000t\000e\000r\000\351\000s}{section.2.2}% 26
\BOOKMARK [1][-]{section.2.3}{\376\377\0002\000.\0003\000\040\000M\000\351\000t\000o\000d\000o\000s\000\040\000d\000e\000\040\000i\000d\000e\000n\000t\000i\000f\000i\000c\000a\000c\000i\000\363\000n\000\040\000d\000e\000\040\000d\000a\000\361\000o}{chapter.2}% 27
\BOOKMARK [2][-]{subsection.2.3.1}{\376\377\0002\000.\0003\000.\0001\000\040\000B\000a\000s\000a\000d\000o\000\040\000e\000n\000\040\000m\000o\000d\000e\000l\000o}{section.2.3}% 28
\BOOKMARK [2][-]{subsection.2.3.2}{\376\377\0002\000.\0003\000.\0002\000\040\000B\000a\000s\000a\000d\000o\000\040\000e\000n\000\040\000r\000e\000s\000p\000u\000e\000s\000t\000a}{section.2.3}% 29
\BOOKMARK [1][-]{section.2.4}{\376\377\0002\000.\0004\000\040\000E\000n\000s\000a\000y\000o\000s\000\040\000e\000s\000t\000r\000u\000c\000t\000u\000r\000a\000l\000e\000s}{chapter.2}% 30
\BOOKMARK [2][-]{subsection.2.4.1}{\376\377\0002\000.\0004\000.\0001\000\040\000E\000n\000s\000a\000y\000o\000s\000\040\000i\000n\000v\000a\000s\000i\000v\000o\000s}{section.2.4}% 31
\BOOKMARK [2][-]{subsection.2.4.2}{\376\377\0002\000.\0004\000.\0002\000\040\000E\000n\000s\000a\000y\000o\000s\000\040\000n\000o\000\040\000i\000n\000v\000a\000s\000i\000v\000o\000s}{section.2.4}% 32
\BOOKMARK [1][-]{section.2.5}{\376\377\0002\000.\0005\000\040\000M\000i\000c\000r\000o\000c\000o\000n\000t\000r\000o\000l\000a\000d\000o\000r\000e\000s\000\040\000\050\000M\000C\000U\000\051}{chapter.2}% 33
\BOOKMARK [2][-]{subsection.2.5.1}{\376\377\0002\000.\0005\000.\0001\000\040\000D\000e\000f\000i\000n\000i\000c\000i\000\363\000n\000\040\000y\000\040\000c\000a\000r\000a\000c\000t\000e\000r\000\355\000s\000t\000i\000c\000a\000s}{section.2.5}% 34
\BOOKMARK [2][-]{subsection.2.5.2}{\376\377\0002\000.\0005\000.\0002\000\040\000P\000l\000a\000c\000a\000s\000\040\000d\000e\000\040\000d\000e\000s\000a\000r\000r\000o\000l\000l\000o}{section.2.5}% 35
\BOOKMARK [2][-]{subsection.2.5.3}{\376\377\0002\000.\0005\000.\0003\000\040\000P\000r\000o\000t\000o\000c\000o\000l\000o\000s\000\040\000d\000e\000\040\000c\000o\000m\000u\000n\000i\000c\000a\000c\000i\000\363\000n}{section.2.5}% 36
\BOOKMARK [2][-]{subsection.2.5.4}{\376\377\0002\000.\0005\000.\0004\000\040\000S\000i\000s\000t\000e\000m\000a\000s\000\040\000O\000p\000e\000r\000a\000t\000i\000v\000o\000s\000\040\000e\000n\000\040\000T\000i\000e\000m\000p\000o\000\040\000R\000e\000a\000l\000\040\000\050\000R\000T\000O\000S\000\051}{section.2.5}% 37
\BOOKMARK [1][-]{section.2.6}{\376\377\0002\000.\0006\000\040\000S\000e\000n\000s\000o\000r\000e\000s}{chapter.2}% 38
\BOOKMARK [2][-]{subsection.2.6.1}{\376\377\0002\000.\0006\000.\0001\000\040\000D\000e\000f\000i\000n\000i\000c\000i\000\363\000n}{section.2.6}% 39
\BOOKMARK [2][-]{subsection.2.6.2}{\376\377\0002\000.\0006\000.\0002\000\040\000C\000a\000r\000a\000c\000t\000e\000r\000\355\000s\000t\000i\000c\000a\000s\000\040\000d\000e\000\040\000l\000o\000s\000\040\000s\000e\000n\000s\000o\000r\000e\000s}{section.2.6}% 40
\BOOKMARK [2][-]{subsection.2.6.3}{\376\377\0002\000.\0006\000.\0003\000\040\000S\000e\000n\000s\000o\000r\000e\000s\000\040\000d\000e\000\040\000i\000n\000t\000e\000r\000\351\000s\000\040\000p\000a\000r\000a\000\040\000e\000l\000\040\000M\000o\000n\000i\000t\000o\000r\000e\000o\000\040\000d\000e\000\040\000S\000a\000l\000u\000d\000\040\000E\000s\000t\000r\000u\000c\000t\000u\000r\000a\000l}{section.2.6}% 41
\BOOKMARK [1][-]{section.2.7}{\376\377\0002\000.\0007\000\040\000S\000e\000n\000s\000o\000r\000e\000s\000\040\000i\000n\000t\000e\000l\000i\000g\000e\000n\000t\000e\000s}{chapter.2}% 42
\BOOKMARK [2][-]{subsection.2.7.1}{\376\377\0002\000.\0007\000.\0001\000\040\000D\000e\000f\000i\000n\000i\000c\000i\000\363\000n\000:}{section.2.7}% 43
\BOOKMARK [2][-]{subsection.2.7.2}{\376\377\0002\000.\0007\000.\0002\000\040\000C\000a\000r\000a\000c\000t\000e\000r\000\355\000s\000t\000i\000c\000a\000s\000:}{section.2.7}% 44
\BOOKMARK [1][-]{section.2.8}{\376\377\0002\000.\0008\000\040\000M\000o\000n\000i\000t\000o\000r\000e\000o}{chapter.2}% 45
\BOOKMARK [2][-]{subsection.2.8.1}{\376\377\0002\000.\0008\000.\0001\000\040\000M\000o\000n\000i\000t\000o\000r\000e\000o\000\040\000c\000a\000b\000l\000e\000a\000d\000o}{section.2.8}% 46
\BOOKMARK [2][-]{subsection.2.8.2}{\376\377\0002\000.\0008\000.\0002\000\040\000M\000o\000n\000i\000t\000o\000r\000e\000o\000\040\000i\000n\000a\000l\000\341\000m\000b\000r\000i\000c\000o}{section.2.8}% 47
\BOOKMARK [1][-]{section.2.9}{\376\377\0002\000.\0009\000\040\000S\000i\000s\000t\000e\000m\000a\000s\000\040\000d\000e\000\040\000a\000d\000q\000u\000i\000s\000i\000c\000i\000\363\000n\000\040\000d\000e\000\040\000d\000a\000t\000o\000s}{chapter.2}% 48
\BOOKMARK [2][-]{subsection.2.9.1}{\376\377\0002\000.\0009\000.\0001\000\040\000D\000e\000f\000i\000n\000i\000c\000i\000\363\000n\000\040\000y\000\040\000e\000s\000q\000u\000e\000m\000a\000\040\000g\000e\000n\000e\000r\000a\000l}{section.2.9}% 49
\BOOKMARK [2][-]{subsection.2.9.2}{\376\377\0002\000.\0009\000.\0002\000\040\000A\000c\000o\000n\000d\000i\000c\000i\000o\000n\000a\000m\000i\000e\000n\000t\000o\000\040\000d\000e\000\040\000s\000e\000\361\000a\000l\000e\000s}{section.2.9}% 50
\BOOKMARK [2][-]{subsection.2.9.3}{\376\377\0002\000.\0009\000.\0003\000\040\000D\000A\000Q\000\040\000b\000a\000s\000a\000d\000o\000s\000\040\000e\000n\000\040\000M\000C\000U}{section.2.9}% 51
\BOOKMARK [1][-]{section.2.10}{\376\377\0002\000.\0001\0000\000\040\000S\000i\000s\000t\000e\000m\000a\000s\000\040\000d\000e\000\040\000c\000o\000m\000u\000n\000i\000c\000a\000c\000i\000o\000n\000e\000s\000\040\000i\000n\000a\000l\000\341\000m\000b\000r\000i\000c\000o\000s}{chapter.2}% 52
\BOOKMARK [2][-]{subsection.2.10.1}{\376\377\0002\000.\0001\0000\000.\0001\000\040\000C\000a\000r\000a\000c\000t\000e\000r\000\355\000s\000t\000i\000c\000a\000s\000\040\000y\000\040\000c\000o\000n\000c\000e\000p\000t\000o\000s\000\040\000b\000\341\000s\000i\000c\000o\000s}{section.2.10}% 53
\BOOKMARK [2][-]{subsection.2.10.2}{\376\377\0002\000.\0001\0000\000.\0002\000\040\000P\000r\000o\000t\000o\000c\000o\000l\000o\000s\000\040\000d\000e\000\040\000c\000o\000m\000u\000n\000i\000c\000a\000c\000i\000\363\000n\000\040\000p\000a\000r\000a\000\040\000d\000i\000s\000t\000a\000n\000c\000i\000a\000s\000\040\000c\000o\000r\000t\000a\000s}{section.2.10}% 54
\BOOKMARK [2][-]{subsection.2.10.3}{\376\377\0002\000.\0001\0000\000.\0003\000\040\000P\000r\000o\000t\000o\000c\000o\000l\000o\000s\000\040\000d\000e\000\040\000c\000o\000m\000u\000n\000i\000c\000a\000c\000i\000\363\000n\000\040\000d\000e\000\040\000l\000a\000r\000g\000a\000\040\000d\000i\000s\000t\000a\000n\000c\000i\000a}{section.2.10}% 55
\BOOKMARK [2][-]{subsection.2.10.4}{\376\377\0002\000.\0001\0000\000.\0004\000\040\000P\000r\000o\000t\000o\000c\000o\000l\000o\000\040\000L\000o\000R\000a}{section.2.10}% 56
\BOOKMARK [1][-]{section.2.11}{\376\377\0002\000.\0001\0001\000\040\000P\000r\000o\000c\000e\000s\000a\000m\000i\000e\000n\000t\000o\000\040\000d\000i\000g\000i\000t\000a\000l\000\040\000d\000e\000\040\000s\000e\000\361\000a\000l\000e\000s\000:}{chapter.2}% 57
\BOOKMARK [2][-]{subsection.2.11.1}{\376\377\0002\000.\0001\0001\000.\0001\000\040\000E\000s\000t\000u\000d\000i\000o\000\040\000e\000n\000\040\000e\000l\000\040\000d\000o\000m\000i\000n\000i\000o\000\040\000d\000e\000\040\000l\000a\000\040\000f\000r\000e\000c\000u\000e\000n\000c\000i\000a}{section.2.11}% 58
\BOOKMARK [2][-]{subsection.2.11.2}{\376\377\0002\000.\0001\0001\000.\0002\000\040\000T\000r\000a\000n\000s\000f\000o\000r\000m\000a\000d\000a\000\040\000d\000e\000\040\000F\000o\000u\000r\000i\000e\000r}{section.2.11}% 59
\BOOKMARK [2][-]{subsection.2.11.3}{\376\377\0002\000.\0001\0001\000.\0003\000\040\000T\000r\000a\000n\000s\000f\000o\000r\000m\000a\000d\000a\000\040\000R\000\341\000p\000i\000d\000a\000\040\000d\000e\000\040\000F\000o\000u\000r\000i\000e\000r}{section.2.11}% 60
\BOOKMARK [2][-]{subsection.2.11.4}{\376\377\0002\000.\0001\0001\000.\0004\000\040\000A\000v\000e\000n\000t\000a\000n\000a\000m\000i\000e\000n\000t\000o}{section.2.11}% 61
\BOOKMARK [0][-]{chapter.3}{\376\377\000M\000A\000R\000C\000O\000\040\000M\000E\000T\000O\000D\000O\000L\000\323\000G\000I\000C\000O}{}% 62
\BOOKMARK [1][-]{section.3.1}{\376\377\0003\000.\0001\000\040\000D\000e\000s\000c\000r\000i\000p\000c\000i\000\363\000n\000\040\000d\000e\000l\000\040\000s\000i\000s\000t\000e\000m\000a}{chapter.3}% 63
\BOOKMARK [2][-]{subsection.3.1.1}{\376\377\0003\000.\0001\000.\0001\000\040\000D\000i\000a\000g\000r\000a\000m\000a\000\040\000d\000e\000\040\000b\000l\000o\000q\000u\000e\000s\000\040\000d\000e\000l\000\040\000s\000i\000s\000t\000e\000m\000a}{section.3.1}% 64
\BOOKMARK [1][-]{section.3.2}{\376\377\0003\000.\0002\000\040\000S\000e\000l\000e\000c\000c\000i\000\363\000n\000\040\000d\000e\000\040\000c\000o\000m\000p\000o\000n\000e\000n\000t\000e\000s}{chapter.3}% 65
\BOOKMARK [2][-]{subsection.3.2.1}{\376\377\0003\000.\0002\000.\0001\000\040\000P\000r\000o\000t\000o\000c\000o\000l\000o\000\040\000d\000e\000\040\000c\000o\000m\000u\000n\000i\000c\000a\000c\000i\000o\000n\000e\000s}{section.3.2}% 66
\BOOKMARK [2][-]{subsection.3.2.2}{\376\377\0003\000.\0002\000.\0002\000\040\000S\000e\000n\000s\000o\000r\000e\000s}{section.3.2}% 67
\BOOKMARK [2][-]{subsection.3.2.3}{\376\377\0003\000.\0002\000.\0003\000\040\000M\000i\000c\000r\000o\000c\000o\000n\000t\000r\000o\000l\000a\000d\000o\000r\000e\000s}{section.3.2}% 68
\BOOKMARK [2][-]{subsection.3.2.4}{\376\377\0003\000.\0002\000.\0004\000\040\000S\000e\000l\000e\000c\000c\000i\000\363\000n\000\040\000d\000e\000\040\000c\000o\000m\000p\000o\000n\000e\000n\000t\000e\000s\000:}{section.3.2}% 69
\BOOKMARK [1][-]{section.3.3}{\376\377\0003\000.\0003\000\040\000D\000e\000t\000a\000l\000l\000e\000\040\000d\000e\000l\000\040\000d\000i\000s\000e\000\361\000o}{chapter.3}% 70
\BOOKMARK [2][-]{subsection.3.3.1}{\376\377\0003\000.\0003\000.\0001\000\040\000D\000e\000s\000c\000r\000i\000p\000c\000i\000\363\000n\000\040\000d\000e\000l\000\040\000h\000a\000r\000d\000w\000a\000r\000e}{section.3.3}% 71
\BOOKMARK [2][-]{subsection.3.3.2}{\376\377\0003\000.\0003\000.\0002\000\040\000D\000e\000s\000c\000r\000i\000p\000c\000i\000\363\000n\000\040\000d\000e\000l\000\040\000s\000o\000f\000t\000w\000a\000r\000e}{section.3.3}% 72
\BOOKMARK [0][-]{chapter.4}{\376\377\000P\000R\000U\000E\000B\000A\000S\000\040\000E\000X\000P\000E\000R\000I\000M\000E\000N\000T\000A\000L\000E\000S}{}% 73
\BOOKMARK [0][-]{chapter.5}{\376\377\000R\000E\000S\000U\000L\000T\000A\000D\000O\000S}{}% 74
\BOOKMARK [0][-]{chapter.6}{\376\377\000R\000E\000C\000O\000M\000E\000N\000D\000A\000C\000I\000O\000N\000E\000S}{}% 75
\BOOKMARK [0][-]{chapter.7}{\376\377\000R\000E\000C\000O\000M\000E\000N\000D\000A\000C\000I\000O\000N\000E\000S}{}% 76
\BOOKMARK [0][-]{appendix.Alph1}{\376\377\000T\000\315\000T\000U\000L\000O\000\040\000D\000E\000L\000\040\000A\000N\000E\000X\000O}{}% 77
\BOOKMARK [0][-]{appendix.Alph2}{\376\377\000T\000\315\000T\000U\000L\000O\000\040\000D\000E\000L\000\040\000A\000N\000E\000X\000O}{}% 78
\BOOKMARK [0][-]{appendix.Alph3}{\376\377\000T\000\315\000T\000U\000L\000O\000\040\000D\000E\000L\000\040\000A\000N\000E\000X\000O}{}% 79
\BOOKMARK [0][-]{appendix*.21}{\376\377\000R\000E\000F\000E\000R\000E\000N\000C\000I\000A\000S}{}% 80
