This is pdfTeX, Version 3.141592653-2.6-1.40.25 (MiKTeX 23.5) (preloaded format=pdflatex 2023.6.1)  18 MAY 2024 11:02
entering extended mode
 restricted \write18 enabled.
 file:line:error style messages enabled.
 %&-line parsing enabled.
**c:/Users/jatov/Desktop/TEG_JT_UCV/Archivo_TEG_JT/EIETdeG.tex
(c:/Users/jatov/Desktop/TEG_JT_UCV/Archivo_TEG_JT/EIETdeG.tex
LaTeX2e <2022-11-01> patch level 1
L3 programming layer <2023-05-15> (report_eie.cls
Document Class: report_eie 2001/04/21 v1.4e Standard LaTeX document class
(C:\Users\jatov\AppData\Local\Programs\MiKTeX\tex/latex/base\size12.clo
File: size12.clo 2022/07/02 v1.4n Standard LaTeX file (size option)
)
\c@part=\count185
\c@chapter=\count186
\c@section=\count187
\c@subsection=\count188
\c@subsubsection=\count189
\c@paragraph=\count190
\c@subparagraph=\count191
\c@figure=\count192
\c@table=\count193
\abovecaptionskip=\skip48
\belowcaptionskip=\skip49
\bibindent=\dimen140
) (setup.tex (C:\Users\jatov\AppData\Local\Programs\MiKTeX\tex/generic/babel\babel.sty
Package: babel 2023/05/11 v3.89 The Babel package
\babel@savecnt=\count194
\U@D=\dimen141
\l@unhyphenated=\language79
 (C:\Users\jatov\AppData\Local\Programs\MiKTeX\tex/generic/babel\txtbabel.def)
\bbl@readstream=\read2
\bbl@dirlevel=\count195

*************************************
* Local config file bblopts.cfg used
*
(C:\Users\jatov\AppData\Local\Programs\MiKTeX\tex/latex/arabi\bblopts.cfg
File: bblopts.cfg 2005/09/08 v0.1 add Arabic and Farsi to "declared" options of babel
) (C:\Users\jatov\AppData\Local\Programs\MiKTeX\tex/latex/babel-spanish\spanish.ldf
Language: spanish.ldf 2021/05/27 v5.0q Spanish support from the babel system
\es@quottoks=\toks16
\es@quotdepth=\count196
Package babel Info: Making " an active character on input line 570.
Package babel Info: Making . an active character on input line 675.
Package babel Info: Making < an active character on input line 722.
Package babel Info: Making > an active character on input line 722.
)) (C:\Users\jatov\AppData\Local\Programs\MiKTeX\tex/generic/babel/locale/es\babel-spanish.tex
Package babel Info: Importing font and identification data for spanish
(babel)             from babel-es.ini. Reported on input line 11.
) (C:\Users\jatov\AppData\Local\Programs\MiKTeX\tex/latex/base\inputenc.sty
Package: inputenc 2021/02/14 v1.3d Input encoding file
\inpenc@prehook=\toks17
\inpenc@posthook=\toks18
) (C:\Users\jatov\AppData\Local\Programs\MiKTeX\tex/latex/base\fontenc.sty
Package: fontenc 2021/04/29 v2.0v Standard LaTeX package
) (C:\Users\jatov\AppData\Local\Programs\MiKTeX\tex/latex/subfig\subfig.sty
Package: subfig 2005/06/28 ver: 1.3 subfig package
 (C:\Users\jatov\AppData\Local\Programs\MiKTeX\tex/latex/graphics\keyval.sty
Package: keyval 2022/05/29 v1.15 key=value parser (DPC)
\KV@toks@=\toks19
) (C:\Users\jatov\AppData\Local\Programs\MiKTeX\tex/latex/caption\caption.sty
Package: caption 2023/07/31 v3.6n Customizing captions (AR)
 (C:\Users\jatov\AppData\Local\Programs\MiKTeX\tex/latex/caption\caption3.sty
Package: caption3 2023/07/31 v2.4d caption3 kernel (AR)
\caption@tempdima=\dimen142
\captionmargin=\dimen143
\caption@leftmargin=\dimen144
\caption@rightmargin=\dimen145
\caption@width=\dimen146
\caption@indent=\dimen147
\caption@parindent=\dimen148
\caption@hangindent=\dimen149
Package caption Info: Standard document class detected.
)
\c@caption@flags=\count197
\c@continuedfloat=\count198
)
\c@KVtest=\count199
\sf@farskip=\skip50
\sf@captopadj=\dimen150
\sf@capskip=\skip51
\sf@nearskip=\skip52
\c@subfigure=\count266
\c@subfigure@save=\count267
\c@lofdepth=\count268
\c@subtable=\count269
\c@subtable@save=\count270
\c@lotdepth=\count271
\sf@top=\skip53
\sf@bottom=\skip54
) (C:\Users\jatov\AppData\Local\Programs\MiKTeX\tex/latex/amsfonts\amssymb.sty
Package: amssymb 2013/01/14 v3.01 AMS font symbols
 (C:\Users\jatov\AppData\Local\Programs\MiKTeX\tex/latex/amsfonts\amsfonts.sty
Package: amsfonts 2013/01/14 v3.01 Basic AMSFonts support
\@emptytoks=\toks20
\symAMSa=\mathgroup4
\symAMSb=\mathgroup5
LaTeX Font Info:    Redeclaring math symbol \hbar on input line 98.
LaTeX Font Info:    Overwriting math alphabet `\mathfrak' in version `bold'
(Font)                  U/euf/m/n --> U/euf/b/n on input line 106.
)) (C:\Users\jatov\AppData\Local\Programs\MiKTeX\tex/latex/amsmath\amsmath.sty
Package: amsmath 2022/04/08 v2.17n AMS math features
\@mathmargin=\skip55

For additional information on amsmath, use the `?' option.
(C:\Users\jatov\AppData\Local\Programs\MiKTeX\tex/latex/amsmath\amstext.sty
Package: amstext 2021/08/26 v2.01 AMS text
 (C:\Users\jatov\AppData\Local\Programs\MiKTeX\tex/latex/amsmath\amsgen.sty
File: amsgen.sty 1999/11/30 v2.0 generic functions
\@emptytoks=\toks21
\ex@=\dimen151
)) (C:\Users\jatov\AppData\Local\Programs\MiKTeX\tex/latex/amsmath\amsbsy.sty
Package: amsbsy 1999/11/29 v1.2d Bold Symbols
\pmbraise@=\dimen152
) (C:\Users\jatov\AppData\Local\Programs\MiKTeX\tex/latex/amsmath\amsopn.sty
Package: amsopn 2022/04/08 v2.04 operator names
)
\inf@bad=\count272
LaTeX Info: Redefining \frac on input line 234.
\uproot@=\count273
\leftroot@=\count274
LaTeX Info: Redefining \overline on input line 399.
LaTeX Info: Redefining \colon on input line 410.
\classnum@=\count275
\DOTSCASE@=\count276
LaTeX Info: Redefining \ldots on input line 496.
LaTeX Info: Redefining \dots on input line 499.
LaTeX Info: Redefining \cdots on input line 620.
\Mathstrutbox@=\box51
\strutbox@=\box52
LaTeX Info: Redefining \big on input line 722.
LaTeX Info: Redefining \Big on input line 723.
LaTeX Info: Redefining \bigg on input line 724.
LaTeX Info: Redefining \Bigg on input line 725.
\big@size=\dimen153
LaTeX Font Info:    Redeclaring font encoding OML on input line 743.
LaTeX Font Info:    Redeclaring font encoding OMS on input line 744.
\macc@depth=\count277
LaTeX Info: Redefining \bmod on input line 905.
LaTeX Info: Redefining \pmod on input line 910.
LaTeX Info: Redefining \smash on input line 940.
LaTeX Info: Redefining \relbar on input line 970.
LaTeX Info: Redefining \Relbar on input line 971.
\c@MaxMatrixCols=\count278
\dotsspace@=\muskip16
\c@parentequation=\count279
\dspbrk@lvl=\count280
\tag@help=\toks22
\row@=\count281
\column@=\count282
\maxfields@=\count283
\andhelp@=\toks23
\eqnshift@=\dimen154
\alignsep@=\dimen155
\tagshift@=\dimen156
\tagwidth@=\dimen157
\totwidth@=\dimen158
\lineht@=\dimen159
\@envbody=\toks24
\multlinegap=\skip56
\multlinetaggap=\skip57
\mathdisplay@stack=\toks25
LaTeX Info: Redefining \[ on input line 2953.
LaTeX Info: Redefining \] on input line 2954.
) (C:\Users\jatov\AppData\Local\Programs\MiKTeX\tex/latex/base\latexsym.sty
Package: latexsym 1998/08/17 v2.2e Standard LaTeX package (lasy symbols)
\symlasy=\mathgroup6
LaTeX Font Info:    Overwriting symbol font `lasy' in version `bold'
(Font)                  U/lasy/m/n --> U/lasy/b/n on input line 52.
) (C:\Users\jatov\AppData\Local\Programs\MiKTeX\tex/latex/geometry\geometry.sty
Package: geometry 2020/01/02 v5.9 Page Geometry
 (C:\Users\jatov\AppData\Local\Programs\MiKTeX\tex/generic/iftex\ifvtex.sty
Package: ifvtex 2019/10/25 v1.7 ifvtex legacy package. Use iftex instead.
 (C:\Users\jatov\AppData\Local\Programs\MiKTeX\tex/generic/iftex\iftex.sty
Package: iftex 2022/02/03 v1.0f TeX engine tests
))
\Gm@cnth=\count284
\Gm@cntv=\count285
\c@Gm@tempcnt=\count286
\Gm@bindingoffset=\dimen160
\Gm@wd@mp=\dimen161
\Gm@odd@mp=\dimen162
\Gm@even@mp=\dimen163
\Gm@layoutwidth=\dimen164
\Gm@layoutheight=\dimen165
\Gm@layouthoffset=\dimen166
\Gm@layoutvoffset=\dimen167
\Gm@dimlist=\toks26
 (C:\Users\jatov\AppData\Local\Programs\MiKTeX\tex/latex/geometry\geometry.cfg)) (C:\Users\jatov\AppData\Local\Programs\MiKTeX\tex/latex/float\float.sty
Package: float 2001/11/08 v1.3d Float enhancements (AL)
\c@float@type=\count287
\float@exts=\toks27
\float@box=\box53
\@float@everytoks=\toks28
\@floatcapt=\box54
) (C:\Users\jatov\AppData\Local\Programs\MiKTeX\tex/latex/base\makeidx.sty
Package: makeidx 2021/10/04 v1.0m Standard LaTeX package
) (C:\Users\jatov\AppData\Local\Programs\MiKTeX\tex/latex/graphics\color.sty
Package: color 2022/01/06 v1.3d Standard LaTeX Color (DPC)
 (C:\Users\jatov\AppData\Local\Programs\MiKTeX\tex/latex/graphics-cfg\color.cfg
File: color.cfg 2016/01/02 v1.6 sample color configuration
)
Package color Info: Driver file: pdftex.def on input line 149.
 (C:\Users\jatov\AppData\Local\Programs\MiKTeX\tex/latex/graphics-def\pdftex.def
File: pdftex.def 2022/09/22 v1.2b Graphics/color driver for pdftex
) (C:\Users\jatov\AppData\Local\Programs\MiKTeX\tex/latex/graphics\mathcolor.ltx)) (C:\Users\jatov\AppData\Local\Programs\MiKTeX\tex/latex/tocbibind\tocbibind.sty
Package: tocbibind 2010/10/13 v1.5k extra ToC listings
Package tocbibind Info: The document has chapter divisions on input line 50.


Package tocbibind Note: Using chapter style headings, unless overridden.

) (C:\Users\jatov\AppData\Local\Programs\MiKTeX\tex/latex/acronym\acronym.sty
Package: acronym 2020/04/17 v1.47 Support for acronyms (Tobias Oetiker)
 (C:\Users\jatov\AppData\Local\Programs\MiKTeX\tex/latex/bigfoot\suffix.sty
Package: suffix 2006/07/15 1.5a Variant command support
) (C:\Users\jatov\AppData\Local\Programs\MiKTeX\tex/latex/xstring\xstring.sty (C:\Users\jatov\AppData\Local\Programs\MiKTeX\tex/generic/xstring\xstring.tex
\xs_counta=\count288
\xs_countb=\count289
)
Package: xstring 2023/08/22 v1.86 String manipulations (CT)
)
\AC@clearlist=\toks29
) (C:\Users\jatov\AppData\Local\Programs\MiKTeX\tex/latex/graphics\epsfig.sty
Package: epsfig 2017/06/25 v1.7b (e)psfig emulation (SPQR)
 (C:\Users\jatov\AppData\Local\Programs\MiKTeX\tex/latex/graphics\graphicx.sty
Package: graphicx 2021/09/16 v1.2d Enhanced LaTeX Graphics (DPC,SPQR)
 (C:\Users\jatov\AppData\Local\Programs\MiKTeX\tex/latex/graphics\graphics.sty
Package: graphics 2022/03/10 v1.4e Standard LaTeX Graphics (DPC,SPQR)
 (C:\Users\jatov\AppData\Local\Programs\MiKTeX\tex/latex/graphics\trig.sty
Package: trig 2021/08/11 v1.11 sin cos tan (DPC)
) (C:\Users\jatov\AppData\Local\Programs\MiKTeX\tex/latex/graphics-cfg\graphics.cfg
File: graphics.cfg 2016/06/04 v1.11 sample graphics configuration
)
Package graphics Info: Driver file: pdftex.def on input line 107.
)
\Gin@req@height=\dimen168
\Gin@req@width=\dimen169
)
\epsfxsize=\dimen170
\epsfysize=\dimen171
) (C:\Users\jatov\AppData\Local\Programs\MiKTeX\tex/latex/setspace\setspace.sty
Package: setspace 2022/12/04 v6.7b set line spacing
) (C:\Users\jatov\AppData\Local\Programs\MiKTeX\tex/latex/tools\multicol.sty
Package: multicol 2021/11/30 v1.9d multicolumn formatting (FMi)
\c@tracingmulticols=\count290
\mult@box=\box55
\multicol@leftmargin=\dimen172
\c@unbalance=\count291
\c@collectmore=\count292
\doublecol@number=\count293
\multicoltolerance=\count294
\multicolpretolerance=\count295
\full@width=\dimen173
\page@free=\dimen174
\premulticols=\dimen175
\postmulticols=\dimen176
\multicolsep=\skip58
\multicolbaselineskip=\skip59
\partial@page=\box56
\last@line=\box57
\maxbalancingoverflow=\dimen177
\mult@rightbox=\box58
\mult@grightbox=\box59
\mult@firstbox=\box60
\mult@gfirstbox=\box61
\@tempa=\box62
\@tempa=\box63
\@tempa=\box64
\@tempa=\box65
\@tempa=\box66
\@tempa=\box67
\@tempa=\box68
\@tempa=\box69
\@tempa=\box70
\@tempa=\box71
\@tempa=\box72
\@tempa=\box73
\@tempa=\box74
\@tempa=\box75
\@tempa=\box76
\@tempa=\box77
\@tempa=\box78
\@tempa=\box79
\@tempa=\box80
\@tempa=\box81
\@tempa=\box82
\@tempa=\box83
\@tempa=\box84
\@tempa=\box85
\@tempa=\box86
\@tempa=\box87
\@tempa=\box88
\@tempa=\box89
\@tempa=\box90
\@tempa=\box91
\@tempa=\box92
\@tempa=\box93
\@tempa=\box94
\@tempa=\box95
\@tempa=\box96
\@tempa=\box97
\c@minrows=\count296
\c@columnbadness=\count297
\c@finalcolumnbadness=\count298
\last@try=\dimen178
\multicolovershoot=\dimen179
\multicolundershoot=\dimen180
\mult@nat@firstbox=\box98
\colbreak@box=\box99
\mc@col@check@num=\count299
) (C:\Users\jatov\AppData\Local\Programs\MiKTeX\tex/latex/tools\longtable.sty
Package: longtable 2021-09-01 v4.17 Multi-page Table package (DPC)
\LTleft=\skip60
\LTright=\skip61
\LTpre=\skip62
\LTpost=\skip63
\LTchunksize=\count300
\LTcapwidth=\dimen181
\LT@head=\box100
\LT@firsthead=\box101
\LT@foot=\box102
\LT@lastfoot=\box103
\LT@gbox=\box104
\LT@cols=\count301
\LT@rows=\count302
\c@LT@tables=\count303
\c@LT@chunks=\count304
\LT@p@ftn=\toks30
) (C:\Users\jatov\AppData\Local\Programs\MiKTeX\tex/latex/tools\array.sty
Package: array 2022/09/04 v2.5g Tabular extension package (FMi)
\col@sep=\dimen182
\ar@mcellbox=\box105
\extrarowheight=\dimen183
\NC@list=\toks31
\extratabsurround=\skip64
\backup@length=\skip65
\ar@cellbox=\box106
) (C:\Users\jatov\AppData\Local\Programs\MiKTeX\tex/latex/fancyhdr\fancyhdr.sty
Package: fancyhdr 2022/11/09 v4.1 Extensive control of page headers and footers
\f@nch@headwidth=\skip66
\f@nch@O@elh=\skip67
\f@nch@O@erh=\skip68
\f@nch@O@olh=\skip69
\f@nch@O@orh=\skip70
\f@nch@O@elf=\skip71
\f@nch@O@erf=\skip72
\f@nch@O@olf=\skip73
\f@nch@O@orf=\skip74
) (C:\Users\jatov\AppData\Local\Programs\MiKTeX\tex/latex/booktabs\booktabs.sty
Package: booktabs 2020/01/12 v1.61803398 Publication quality tables
\heavyrulewidth=\dimen184
\lightrulewidth=\dimen185
\cmidrulewidth=\dimen186
\belowrulesep=\dimen187
\belowbottomsep=\dimen188
\aboverulesep=\dimen189
\abovetopsep=\dimen190
\cmidrulesep=\dimen191
\cmidrulekern=\dimen192
\defaultaddspace=\dimen193
\@cmidla=\count305
\@cmidlb=\count306
\@aboverulesep=\dimen194
\@belowrulesep=\dimen195
\@thisruleclass=\count307
\@lastruleclass=\count308
\@thisrulewidth=\dimen196
) (C:\Users\jatov\AppData\Local\Programs\MiKTeX\tex/latex/apacite\apacite.sty
Package: apacite 2013/07/21 v6.03 APA citation
\c@BibCnt=\count309
\bibleftmargin=\skip75
\bibindent=\skip76
\bibparsep=\skip77
\bibitemsep=\skip78
\biblabelsep=\skip79
) (C:\Users\jatov\AppData\Local\Programs\MiKTeX\tex/latex/natbib\natbib.sty
Package: natbib 2010/09/13 8.31b (PWD, AO)
\bibhang=\skip80
\bibsep=\skip81
LaTeX Info: Redefining \cite on input line 694.
\c@NAT@ctr=\count310
)
LaTeX Info: Redefining \BBA on input line 55.
 (C:\Users\jatov\AppData\Local\Programs\MiKTeX\tex/latex/url\url.sty
\Urlmuskip=\muskip17
Package: url 2013/09/16  ver 3.4  Verb mode for urls, etc.
) (C:\Users\jatov\AppData\Local\Programs\MiKTeX\tex/latex/hyperref\hyperref.sty
Package: hyperref 2023-04-22 v7.00x Hypertext links for LaTeX
 (C:\Users\jatov\AppData\Local\Programs\MiKTeX\tex/generic/ltxcmds\ltxcmds.sty
Package: ltxcmds 2020-05-10 v1.25 LaTeX kernel commands for general use (HO)
) (C:\Users\jatov\AppData\Local\Programs\MiKTeX\tex/generic/pdftexcmds\pdftexcmds.sty
Package: pdftexcmds 2020-06-27 v0.33 Utility functions of pdfTeX for LuaTeX (HO)
 (C:\Users\jatov\AppData\Local\Programs\MiKTeX\tex/generic/infwarerr\infwarerr.sty
Package: infwarerr 2019/12/03 v1.5 Providing info/warning/error messages (HO)
)
Package pdftexcmds Info: \pdf@primitive is available.
Package pdftexcmds Info: \pdf@ifprimitive is available.
Package pdftexcmds Info: \pdfdraftmode found.
) (C:\Users\jatov\AppData\Local\Programs\MiKTeX\tex/latex/kvsetkeys\kvsetkeys.sty
Package: kvsetkeys 2022-10-05 v1.19 Key value parser (HO)
) (C:\Users\jatov\AppData\Local\Programs\MiKTeX\tex/generic/kvdefinekeys\kvdefinekeys.sty
Package: kvdefinekeys 2019-12-19 v1.6 Define keys (HO)
) (C:\Users\jatov\AppData\Local\Programs\MiKTeX\tex/generic/pdfescape\pdfescape.sty
Package: pdfescape 2019/12/09 v1.15 Implements pdfTeX's escape features (HO)
) (C:\Users\jatov\AppData\Local\Programs\MiKTeX\tex/latex/hycolor\hycolor.sty
Package: hycolor 2020-01-27 v1.10 Color options for hyperref/bookmark (HO)
) (C:\Users\jatov\AppData\Local\Programs\MiKTeX\tex/latex/letltxmacro\letltxmacro.sty
Package: letltxmacro 2019/12/03 v1.6 Let assignment for LaTeX macros (HO)
) (C:\Users\jatov\AppData\Local\Programs\MiKTeX\tex/latex/auxhook\auxhook.sty
Package: auxhook 2019-12-17 v1.6 Hooks for auxiliary files (HO)
) (C:\Users\jatov\AppData\Local\Programs\MiKTeX\tex/latex/hyperref\nameref.sty
Package: nameref 2022-05-17 v2.50 Cross-referencing by name of section
 (C:\Users\jatov\AppData\Local\Programs\MiKTeX\tex/latex/refcount\refcount.sty
Package: refcount 2019/12/15 v3.6 Data extraction from label references (HO)
) (C:\Users\jatov\AppData\Local\Programs\MiKTeX\tex/generic/gettitlestring\gettitlestring.sty
Package: gettitlestring 2019/12/15 v1.6 Cleanup title references (HO)
 (C:\Users\jatov\AppData\Local\Programs\MiKTeX\tex/latex/kvoptions\kvoptions.sty
Package: kvoptions 2022-06-15 v3.15 Key value format for package options (HO)
))
\c@section@level=\count311
) (C:\Users\jatov\AppData\Local\Programs\MiKTeX\tex/latex/etoolbox\etoolbox.sty
Package: etoolbox 2020/10/05 v2.5k e-TeX tools for LaTeX (JAW)
\etb@tempcnta=\count312
)
\@linkdim=\dimen197
\Hy@linkcounter=\count313
\Hy@pagecounter=\count314
 (C:\Users\jatov\AppData\Local\Programs\MiKTeX\tex/latex/hyperref\pd1enc.def
File: pd1enc.def 2023-04-22 v7.00x Hyperref: PDFDocEncoding definition (HO)
Now handling font encoding PD1 ...
... no UTF-8 mapping file for font encoding PD1
) (C:\Users\jatov\AppData\Local\Programs\MiKTeX\tex/generic/intcalc\intcalc.sty
Package: intcalc 2019/12/15 v1.3 Expandable calculations with integers (HO)
)
\Hy@SavedSpaceFactor=\count315
 (C:\Users\jatov\AppData\Local\Programs\MiKTeX\tex/latex/hyperref\puenc.def
File: puenc.def 2023-04-22 v7.00x Hyperref: PDF Unicode definition (HO)
Now handling font encoding PU ...
... no UTF-8 mapping file for font encoding PU
)
Package hyperref Info: Option `final' set `true' on input line 4065.
Package hyperref Info: Hyper figures OFF on input line 4182.
Package hyperref Info: Link nesting OFF on input line 4187.
Package hyperref Info: Hyper index ON on input line 4190.
Package hyperref Info: Plain pages OFF on input line 4197.
Package hyperref Info: Backreferencing OFF on input line 4202.
Package hyperref Info: Implicit mode ON; LaTeX internals redefined.
Package hyperref Info: Bookmarks ON on input line 4449.
\c@Hy@tempcnt=\count316
LaTeX Info: Redefining \url on input line 4787.
\XeTeXLinkMargin=\dimen198
 (C:\Users\jatov\AppData\Local\Programs\MiKTeX\tex/generic/bitset\bitset.sty
Package: bitset 2019/12/09 v1.3 Handle bit-vector datatype (HO)
 (C:\Users\jatov\AppData\Local\Programs\MiKTeX\tex/generic/bigintcalc\bigintcalc.sty
Package: bigintcalc 2019/12/15 v1.5 Expandable calculations on big integers (HO)
))
\Fld@menulength=\count317
\Field@Width=\dimen199
\Fld@charsize=\dimen256
Package hyperref Info: Hyper figures OFF on input line 6066.
Package hyperref Info: Link nesting OFF on input line 6071.
Package hyperref Info: Hyper index ON on input line 6074.
Package hyperref Info: backreferencing OFF on input line 6081.
Package hyperref Info: Link coloring OFF on input line 6086.
Package hyperref Info: Link coloring with OCG OFF on input line 6091.
Package hyperref Info: PDF/A mode OFF on input line 6096.
 (C:\Users\jatov\AppData\Local\Programs\MiKTeX\tex/latex/base\atbegshi-ltx.sty
Package: atbegshi-ltx 2021/01/10 v1.0c Emulation of the original atbegshi
package with kernel methods
)
\Hy@abspage=\count318
\c@Item=\count319
\c@Hfootnote=\count320
)
Package hyperref Info: Driver (autodetected): hpdftex.
 (C:\Users\jatov\AppData\Local\Programs\MiKTeX\tex/latex/hyperref\hpdftex.def
File: hpdftex.def 2023-04-22 v7.00x Hyperref driver for pdfTeX
 (C:\Users\jatov\AppData\Local\Programs\MiKTeX\tex/latex/base\atveryend-ltx.sty
Package: atveryend-ltx 2020/08/19 v1.0a Emulation of the original atveryend package
with kernel methods
)
\Fld@listcount=\count321
\c@bookmark@seq@number=\count322
 (C:\Users\jatov\AppData\Local\Programs\MiKTeX\tex/latex/rerunfilecheck\rerunfilecheck.sty
Package: rerunfilecheck 2022-07-10 v1.10 Rerun checks for auxiliary files (HO)
 (C:\Users\jatov\AppData\Local\Programs\MiKTeX\tex/generic/uniquecounter\uniquecounter.sty
Package: uniquecounter 2019/12/15 v1.4 Provide unlimited unique counter (HO)
)
Package uniquecounter Info: New unique counter `rerunfilecheck' on input line 285.
)
\Hy@SectionHShift=\skip82
) (C:\Users\jatov\AppData\Local\Programs\MiKTeX\tex/latex/listings\listings.sty
\lst@mode=\count323
\lst@gtempboxa=\box107
\lst@token=\toks32
\lst@length=\count324
\lst@currlwidth=\dimen257
\lst@column=\count325
\lst@pos=\count326
\lst@lostspace=\dimen258
\lst@width=\dimen259
\lst@newlines=\count327
\lst@lineno=\count328
\lst@maxwidth=\dimen260
 (C:\Users\jatov\AppData\Local\Programs\MiKTeX\tex/latex/listings\lstmisc.sty
File: lstmisc.sty 2023/02/27 1.9 (Carsten Heinz)
\c@lstnumber=\count329
\lst@skipnumbers=\count330
\lst@framebox=\box108
) (C:\Users\jatov\AppData\Local\Programs\MiKTeX\tex/latex/listings\listings.cfg
File: listings.cfg 2023/02/27 1.9 listings configuration
))
Package: listings 2023/02/27 1.9 (Carsten Heinz)
 (C:\Users\jatov\AppData\Local\Programs\MiKTeX\tex/latex/xcolor\xcolor.sty
Package: xcolor 2022/06/12 v2.14 LaTeX color extensions (UK)
 (C:\Users\jatov\AppData\Local\Programs\MiKTeX\tex/latex/graphics-cfg\color.cfg
File: color.cfg 2016/01/02 v1.6 sample color configuration
)
Package xcolor Info: Driver file: pdftex.def on input line 227.
LaTeX Info: Redefining \color on input line 711.
 (C:\Users\jatov\AppData\Local\Programs\MiKTeX\tex/latex/graphics\mathcolor.ltx)
Package xcolor Info: Model `cmy' substituted by `cmy0' on input line 1353.
Package xcolor Info: Model `hsb' substituted by `rgb' on input line 1357.
Package xcolor Info: Model `RGB' extended on input line 1369.
Package xcolor Info: Model `HTML' substituted by `rgb' on input line 1371.
Package xcolor Info: Model `Hsb' substituted by `hsb' on input line 1372.
Package xcolor Info: Model `tHsb' substituted by `hsb' on input line 1373.
Package xcolor Info: Model `HSB' substituted by `hsb' on input line 1374.
Package xcolor Info: Model `Gray' substituted by `gray' on input line 1375.
Package xcolor Info: Model `wave' substituted by `hsb' on input line 1376.
)
Package hyperref Info: Option `bookmarksnumbered' set `true' on input line 112.
\c@theorem=\count331
\c@condition=\count332
\c@conjecture=\count333
\c@corollary=\count334
\c@criterion=\count335
\c@definition=\count336
\c@lemma=\count337
\c@problem=\count338
\c@property=\count339
\c@proposition=\count340
\c@solution=\count341
 (silabear.tex)
\@indexfile=\write3
\openout3 = `EIETdeG.idx'.


Writing index file EIETdeG.idx
) (C:\Users\jatov\AppData\Local\Programs\MiKTeX\tex/latex/l3backend\l3backend-pdftex.def
File: l3backend-pdftex.def 2023-04-19 L3 backend support: PDF output (pdfTeX)
\l__color_backend_stack_int=\count342
\l__pdf_internal_box=\box109
) (EIETdeG.aux
LaTeX Info: Redefining \. on input line 23.
LaTeX Info: Redefining \% on input line 23.
)
\openout1 = `EIETdeG.aux'.

LaTeX Font Info:    Checking defaults for OML/cmm/m/it on input line 10.
LaTeX Font Info:    ... okay on input line 10.
LaTeX Font Info:    Checking defaults for OMS/cmsy/m/n on input line 10.
LaTeX Font Info:    ... okay on input line 10.
LaTeX Font Info:    Checking defaults for OT1/cmr/m/n on input line 10.
LaTeX Font Info:    ... okay on input line 10.
LaTeX Font Info:    Checking defaults for T1/cmr/m/n on input line 10.
LaTeX Font Info:    ... okay on input line 10.
LaTeX Font Info:    Checking defaults for TS1/cmr/m/n on input line 10.
LaTeX Font Info:    ... okay on input line 10.
LaTeX Font Info:    Checking defaults for OMX/cmex/m/n on input line 10.
LaTeX Font Info:    ... okay on input line 10.
LaTeX Font Info:    Checking defaults for U/cmr/m/n on input line 10.
LaTeX Font Info:    ... okay on input line 10.
LaTeX Font Info:    Checking defaults for PD1/pdf/m/n on input line 10.
LaTeX Font Info:    ... okay on input line 10.
LaTeX Font Info:    Checking defaults for PU/pdf/m/n on input line 10.
LaTeX Font Info:    ... okay on input line 10.
LaTeX Info: Redefining \. on input line 10.
LaTeX Info: Redefining \% on input line 10.
Package caption Info: Begin \AtBeginDocument code.
Package caption Info: subfig package v1.3 is loaded.
Package caption Info: float package is loaded.
Package caption Info: hyperref package is loaded.
Package caption Info: listings package is loaded.
Package caption Info: longtable package is loaded.
 (C:\Users\jatov\AppData\Local\Programs\MiKTeX\tex/latex/caption\ltcaption.sty
Package: ltcaption 2021/01/08 v1.4c longtable captions (AR)
)
Package caption Info: End \AtBeginDocument code.

*geometry* driver: auto-detecting
*geometry* detected driver: pdftex
*geometry* verbose mode - [ preamble ] result:
* driver: pdftex
* paper: letterpaper
* layout: <same size as paper>
* layoutoffset:(h,v)=(0.0pt,0.0pt)
* modes: 
* h-part:(L,W,R)=(113.81102pt, 415.12572pt, 85.35826pt)
* v-part:(T,H,B)=(85.35826pt, 624.25346pt, 85.35826pt)
* \paperwidth=614.295pt
* \paperheight=794.96999pt
* \textwidth=415.12572pt
* \textheight=624.25346pt
* \oddsidemargin=41.54103pt
* \evensidemargin=41.54103pt
* \topmargin=-23.91173pt
* \headheight=12.0pt
* \headsep=25.0pt
* \topskip=12.0pt
* \footskip=30.0pt
* \marginparwidth=44.0pt
* \marginparsep=10.0pt
* \columnsep=10.0pt
* \skip\footins=10.8pt plus 4.0pt minus 2.0pt
* \hoffset=0.0pt
* \voffset=0.0pt
* \mag=1000
* \@twocolumnfalse
* \@twosidefalse
* \@mparswitchfalse
* \@reversemarginfalse
* (1in=72.27pt=25.4mm, 1cm=28.453pt)

(C:\Users\jatov\AppData\Local\Programs\MiKTeX\tex/context/base/mkii\supp-pdf.mkii
[Loading MPS to PDF converter (version 2006.09.02).]
\scratchcounter=\count343
\scratchdimen=\dimen261
\scratchbox=\box110
\nofMPsegments=\count344
\nofMParguments=\count345
\everyMPshowfont=\toks33
\MPscratchCnt=\count346
\MPscratchDim=\dimen262
\MPnumerator=\count347
\makeMPintoPDFobject=\count348
\everyMPtoPDFconversion=\toks34
) (C:\Users\jatov\AppData\Local\Programs\MiKTeX\tex/latex/epstopdf-pkg\epstopdf-base.sty
Package: epstopdf-base 2020-01-24 v2.11 Base part for package epstopdf
Package epstopdf-base Info: Redefining graphics rule for `.eps' on input line 485.
 (C:\Users\jatov\AppData\Local\Programs\MiKTeX\tex/latex/00miktex\epstopdf-sys.cfg
File: epstopdf-sys.cfg 2021/03/18 v2.0 Configuration of epstopdf for MiKTeX
))
\c@maskedRefs=\count349
 (C:\Users\jatov\AppData\Local\Programs\MiKTeX\tex/latex/apacite\spanish.apc
File: spanish.apc 2013/07/21 v6.03 apacite language file
LaTeX Info: Redefining \BPBI on input line 138.
LaTeX Info: Redefining \BHBI on input line 139.
)
Package hyperref Info: Link coloring OFF on input line 10.
 (EIETdeG.out) (EIETdeG.out)
\@outlinefile=\write4
\openout4 = `EIETdeG.out'.

\c@lstlisting=\count350
 (portada.tex
LaTeX Font Info:    Trying to load font information for U+msa on input line 11.
 (C:\Users\jatov\AppData\Local\Programs\MiKTeX\tex/latex/amsfonts\umsa.fd
File: umsa.fd 2013/01/14 v3.01 AMS symbols A
)
LaTeX Font Info:    Trying to load font information for U+msb on input line 11.
 (C:\Users\jatov\AppData\Local\Programs\MiKTeX\tex/latex/amsfonts\umsb.fd
File: umsb.fd 2013/01/14 v3.01 AMS symbols B
)
LaTeX Font Info:    Trying to load font information for U+lasy on input line 11.
 (C:\Users\jatov\AppData\Local\Programs\MiKTeX\tex/latex/base\ulasy.fd
File: ulasy.fd 1998/08/17 v2.2e LaTeX symbol font definitions
) [1

{C:/Users/jatov/AppData/Local/MiKTeX/fonts/map/pdftex/pdftex.map}]
pdfTeX warning (ext4): destination with the same identifier (name{page.I}) has been already used, duplicate ignored
<to be read again> 
                   \relax 
l.136 \end{titlepage}
                      [1])
pdfTeX warning (ext4): destination with the same identifier (name{page.I}) has been already used, duplicate ignored
<to be read again> 
                   \relax 
l.51 \begin{dedication}
                       % [1] [2

] [3

]
Underfull \hbox (badness 10000) in paragraph at lines 82--84

 []

[7] (EIETdeG.toc
LaTeX Info: Redefining \. on input line 1.
LaTeX Info: Redefining \% on input line 1.
 [8

] [9] [10] [11])
\tf@toc=\write5
\openout5 = `EIETdeG.toc'.

 [12] (EIETdeG.lof
LaTeX Info: Redefining \. on input line 1.
LaTeX Info: Redefining \% on input line 1.
 [13

] [14] [15])
\tf@lof=\write6
\openout6 = `EIETdeG.lof'.

 [16] (EIETdeG.lot
LaTeX Info: Redefining \. on input line 1.
LaTeX Info: Redefining \% on input line 1.
)
\tf@lot=\write7
\openout7 = `EIETdeG.lot'.

 [17

] [18

] (cap0_intro.tex [1

] [2] [3]) [4]
CAP√çTULO 1.
(cap1_marcoreferencial.tex [5

] [6] [7] [8] [9] [10]) [11]
CAP√çTULO 2.
(cap2_marcoteorico.tex [12

] [13]
<imagenes/cap1_marcoteo/modelo_masa_simple.png, id=904, 106.14656pt x 155.83218pt>
File: imagenes/cap1_marcoteo/modelo_masa_simple.png Graphic file (type png)
<use imagenes/cap1_marcoteo/modelo_masa_simple.png>
Package pdftex.def Info: imagenes/cap1_marcoteo/modelo_masa_simple.png  used on input line 43.
(pdftex.def)             Requested size: 103.78142pt x 152.36734pt.
 [14] [15 <./imagenes/cap1_marcoteo/modelo_masa_simple.png>]
<imagenes/cap1_marcoteo/respuesta_sist_subamorti.png, id=934, 463.7325pt x 290.58563pt>
File: imagenes/cap1_marcoteo/respuesta_sist_subamorti.png Graphic file (type png)
<use imagenes/cap1_marcoteo/respuesta_sist_subamorti.png>
Package pdftex.def Info: imagenes/cap1_marcoteo/respuesta_sist_subamorti.png  used on input line 81.
(pdftex.def)             Requested size: 290.58673pt x 182.09pt.
 [16] [17 <./imagenes/cap1_marcoteo/respuesta_sist_subamorti.png>] [18] [19] [20] [21] [22]
<imagenes/cap1_marcoteo/Schematics-of-an-on-line-structural-health-monitoring-system-and-technical-challenges.png, id=1007, 853.1875pt x 295.1025pt>
File: imagenes/cap1_marcoteo/Schematics-of-an-on-line-structural-health-monitoring-system-and-technical-challenges.png Graphic file (type png)
<use imagenes/cap1_marcoteo/Schematics-of-an-on-line-structural-health-monitoring-system-and-technical-challenges.png>
Package pdftex.def Info: imagenes/cap1_marcoteo/Schematics-of-an-on-line-structural-health-monitoring-system-and-technical-challenges.png  used on input line 196.
(pdftex.def)             Requested size: 373.61061pt x 129.22859pt.
 [23] [24 <./imagenes/cap1_marcoteo/Schematics-of-an-on-line-structural-health-monitoring-system-and-technical-challenges.png>]
<imagenes/cap1_marcoteo/Diagrama SHM timeline.png, id=1034, 953.5625pt x 331.2375pt>
File: imagenes/cap1_marcoteo/Diagrama SHM timeline.png Graphic file (type png)
<use imagenes/cap1_marcoteo/Diagrama SHM timeline.png>
Package pdftex.def Info: imagenes/cap1_marcoteo/Diagrama SHM timeline.png  used on input line 229.
(pdftex.def)             Requested size: 415.12572pt x 144.20338pt.
 [25 <./imagenes/cap1_marcoteo/Diagrama SHM timeline.png>] [26] [27] [28] [29] [30] [31] [32] [33]
<imagenes/cap1_marcoteo/ESP32-Block-Diagram.jpg, id=1139, 377.15906pt x 317.68687pt>
File: imagenes/cap1_marcoteo/ESP32-Block-Diagram.jpg Graphic file (type jpg)
<use imagenes/cap1_marcoteo/ESP32-Block-Diagram.jpg>
Package pdftex.def Info: imagenes/cap1_marcoteo/ESP32-Block-Diagram.jpg  used on input line 369.
(pdftex.def)             Requested size: 415.12572pt x 349.66507pt.
 [34] [35 <./imagenes/cap1_marcoteo/ESP32-Block-Diagram.jpg>] [36] [37] [38] [39]
<imagenes/cap1_marcoteo/TasksRTOS.png, id=1167, 349.305pt x 328.97906pt>
File: imagenes/cap1_marcoteo/TasksRTOS.png Graphic file (type png)
<use imagenes/cap1_marcoteo/TasksRTOS.png>
Package pdftex.def Info: imagenes/cap1_marcoteo/TasksRTOS.png  used on input line 445.
(pdftex.def)             Requested size: 332.10184pt x 312.79439pt.
 [40 <./imagenes/cap1_marcoteo/TasksRTOS.png>]
<imagenes/cap1_marcoteo/FreeRTOSArch.png, id=1178, 532.99126pt x 316.18124pt>
File: imagenes/cap1_marcoteo/FreeRTOSArch.png Graphic file (type png)
<use imagenes/cap1_marcoteo/FreeRTOSArch.png>
Package pdftex.def Info: imagenes/cap1_marcoteo/FreeRTOSArch.png  used on input line 457.
(pdftex.def)             Requested size: 332.10184pt x 197.01454pt.
 [41 <./imagenes/cap1_marcoteo/FreeRTOSArch.png>] [42]
<imagenes/cap1_marcoteo/termocupla-con-voltimetro.png, id=1192, 426.84468pt x 175.40532pt>
File: imagenes/cap1_marcoteo/termocupla-con-voltimetro.png Graphic file (type png)
<use imagenes/cap1_marcoteo/termocupla-con-voltimetro.png>
Package pdftex.def Info: imagenes/cap1_marcoteo/termocupla-con-voltimetro.png  used on input line 492.
(pdftex.def)             Requested size: 290.58673pt x 119.41855pt.
<imagenes/cap1_marcoteo/TempMEMS.png, id=1197, 283.0575pt x 207.77625pt>
File: imagenes/cap1_marcoteo/TempMEMS.png Graphic file (type png)
<use imagenes/cap1_marcoteo/TempMEMS.png>
Package pdftex.def Info: imagenes/cap1_marcoteo/TempMEMS.png  used on input line 500.
(pdftex.def)             Requested size: 290.58673pt x 213.32076pt.
 [43 <./imagenes/cap1_marcoteo/termocupla-con-voltimetro.png>]
<imagenes/cap1_marcoteo/HigrometroCapacitivo.png, id=1207, 197.23688pt x 108.405pt>
File: imagenes/cap1_marcoteo/HigrometroCapacitivo.png Graphic file (type png)
<use imagenes/cap1_marcoteo/HigrometroCapacitivo.png>
Package pdftex.def Info: imagenes/cap1_marcoteo/HigrometroCapacitivo.png  used on input line 511.
(pdftex.def)             Requested size: 290.58673pt x 159.72559pt.
 [44 <./imagenes/cap1_marcoteo/TempMEMS.png>]
<imagenes/cap1_marcoteo/HigrometroResistivo.png, id=1218, 227.34938pt x 103.88812pt>
File: imagenes/cap1_marcoteo/HigrometroResistivo.png Graphic file (type png)
<use imagenes/cap1_marcoteo/HigrometroResistivo.png>
Package pdftex.def Info: imagenes/cap1_marcoteo/HigrometroResistivo.png  used on input line 518.
(pdftex.def)             Requested size: 290.58673pt x 132.7861pt.
<imagenes/cap1_marcoteo/HigrometroMEMS.png, id=1223, 264.99pt x 98.769pt>
File: imagenes/cap1_marcoteo/HigrometroMEMS.png Graphic file (type png)
<use imagenes/cap1_marcoteo/HigrometroMEMS.png>
Package pdftex.def Info: imagenes/cap1_marcoteo/HigrometroMEMS.png  used on input line 525.
(pdftex.def)             Requested size: 290.58673pt x 108.31766pt.
 [45 <./imagenes/cap1_marcoteo/HigrometroCapacitivo.png> <./imagenes/cap1_marcoteo/HigrometroResistivo.png>]
<imagenes/cap1_marcoteo/AccelerometerPiezo.png, id=1234, 294.34969pt x 102.3825pt>
File: imagenes/cap1_marcoteo/AccelerometerPiezo.png Graphic file (type png)
<use imagenes/cap1_marcoteo/AccelerometerPiezo.png>
Package pdftex.def Info: imagenes/cap1_marcoteo/AccelerometerPiezo.png  used on input line 537.
(pdftex.def)             Requested size: 290.58673pt x 101.07466pt.
<imagenes/cap1_marcoteo/AccelerometerMEMS.png, id=1239, 296.60812pt x 152.82094pt>
File: imagenes/cap1_marcoteo/AccelerometerMEMS.png Graphic file (type png)
<use imagenes/cap1_marcoteo/AccelerometerMEMS.png>
Package pdftex.def Info: imagenes/cap1_marcoteo/AccelerometerMEMS.png  used on input line 547.
(pdftex.def)             Requested size: 186.8053pt x 96.2497pt.
<imagenes/cap1_marcoteo/AccelerometerMEMS2.png, id=1244, 323.70938pt x 147.55125pt>
File: imagenes/cap1_marcoteo/AccelerometerMEMS2.png Graphic file (type png)
<use imagenes/cap1_marcoteo/AccelerometerMEMS2.png>
Package pdftex.def Info: imagenes/cap1_marcoteo/AccelerometerMEMS2.png  used on input line 554.
(pdftex.def)             Requested size: 186.8053pt x 85.14975pt.
 [46 <./imagenes/cap1_marcoteo/HigrometroMEMS.png> <./imagenes/cap1_marcoteo/AccelerometerPiezo.png>]
<imagenes/cap1_marcoteo/Block-diagram-of-force-balance-accelerometer.png, id=1254, 853.1875pt x 290.08376pt>
File: imagenes/cap1_marcoteo/Block-diagram-of-force-balance-accelerometer.png Graphic file (type png)
<use imagenes/cap1_marcoteo/Block-diagram-of-force-balance-accelerometer.png>
Package pdftex.def Info: imagenes/cap1_marcoteo/Block-diagram-of-force-balance-accelerometer.png  used on input line 567.
(pdftex.def)             Requested size: 290.58673pt x 98.79979pt.
 [47 <./imagenes/cap1_marcoteo/AccelerometerMEMS.png> <./imagenes/cap1_marcoteo/AccelerometerMEMS2.png>] [48 <./imagenes/cap1_marcoteo/Block-diagram-of-force-balance-accelerometer.png>] [49] [50] [51] [52] [53]
Underfull \hbox (badness 10000) in paragraph at lines 687--687
[]\T1/cmr/m/n/12 Gran an-cho de
 []


Underfull \hbox (badness 3000) in paragraph at lines 687--687
[]\T1/cmr/m/n/12 Movilidad li-mi-ta-
 []


Underfull \hbox (badness 10000) in paragraph at lines 687--687
[]\T1/cmr/m/n/12 InstalaciÛn
 []


Underfull \hbox (badness 10000) in paragraph at lines 687--687
[]\T1/cmr/m/n/12 Escalabilidad y
 []


Underfull \hbox (badness 10000) in paragraph at lines 687--687
[]\T1/cmr/m/n/12 Complejidad
 []


Underfull \hbox (badness 2617) in paragraph at lines 687--687
[]\T1/cmr/m/n/12 Ancho de ban-da
 []

[54] [55] [56] [57]
<imagenes/cap1_marcoteo/MQTT-protocol-model.png, id=1327, 853.1875pt x 515.9275pt>
File: imagenes/cap1_marcoteo/MQTT-protocol-model.png Graphic file (type png)
<use imagenes/cap1_marcoteo/MQTT-protocol-model.png>
Package pdftex.def Info: imagenes/cap1_marcoteo/MQTT-protocol-model.png  used on input line 732.
(pdftex.def)             Requested size: 290.58673pt x 175.72005pt.
 [58 <./imagenes/cap1_marcoteo/MQTT-protocol-model.png>]
<imagenes/cap1_marcoteo/CommPrtocolsComparison.png, id=1337, 359.09157pt x 202.50656pt>
File: imagenes/cap1_marcoteo/CommPrtocolsComparison.png Graphic file (type png)
<use imagenes/cap1_marcoteo/CommPrtocolsComparison.png>
Package pdftex.def Info: imagenes/cap1_marcoteo/CommPrtocolsComparison.png  used on input line 752.
(pdftex.def)             Requested size: 332.10184pt x 187.30016pt.
 [59] [60 <./imagenes/cap1_marcoteo/CommPrtocolsComparison.png>]
<imagenes/cap1_marcoteo/ChripSignal.png, id=1355, 295.85532pt x 223.58531pt>
File: imagenes/cap1_marcoteo/ChripSignal.png Graphic file (type png)
<use imagenes/cap1_marcoteo/ChripSignal.png>
Package pdftex.def Info: imagenes/cap1_marcoteo/ChripSignal.png  used on input line 773.
(pdftex.def)             Requested size: 290.58673pt x 219.61018pt.
 [61 <./imagenes/cap1_marcoteo/ChripSignal.png>]
<imagenes/cap1_marcoteo/AnchodeBandaLoRa.png, id=1365, 400.49625pt x 123.46124pt>
File: imagenes/cap1_marcoteo/AnchodeBandaLoRa.png Graphic file (type png)
<use imagenes/cap1_marcoteo/AnchodeBandaLoRa.png>
Package pdftex.def Info: imagenes/cap1_marcoteo/AnchodeBandaLoRa.png  used on input line 782.
(pdftex.def)             Requested size: 332.10184pt x 102.38235pt.
<imagenes/cap1_marcoteo/SpreadingFactor.png, id=1371, 452.4403pt x 234.8775pt>
File: imagenes/cap1_marcoteo/SpreadingFactor.png Graphic file (type png)
<use imagenes/cap1_marcoteo/SpreadingFactor.png>
Package pdftex.def Info: imagenes/cap1_marcoteo/SpreadingFactor.png  used on input line 801.
(pdftex.def)             Requested size: 332.10184pt x 172.4053pt.
 [62 <./imagenes/cap1_marcoteo/AnchodeBandaLoRa.png>] [63 <./imagenes/cap1_marcoteo/SpreadingFactor.png>]
<imagenes/cap1_marcoteo/FormatramaLora.png, id=1393, 493.845pt x 140.02313pt>
File: imagenes/cap1_marcoteo/FormatramaLora.png Graphic file (type png)
<use imagenes/cap1_marcoteo/FormatramaLora.png>
Package pdftex.def Info: imagenes/cap1_marcoteo/FormatramaLora.png  used on input line 820.
(pdftex.def)             Requested size: 290.58673pt x 82.39072pt.
 [64 <./imagenes/cap1_marcoteo/FormatramaLora.png>] [65] [66]
<imagenes/cap1_marcoteo/FourierTRansform.png, id=1420, 596.98032pt x 331.2375pt>
File: imagenes/cap1_marcoteo/FourierTRansform.png Graphic file (type png)
<use imagenes/cap1_marcoteo/FourierTRansform.png>
Package pdftex.def Info: imagenes/cap1_marcoteo/FourierTRansform.png  used on input line 869.
(pdftex.def)             Requested size: 290.58673pt x 161.23123pt.
 [67 <./imagenes/cap1_marcoteo/FourierTRansform.png>] [68]
<imagenes/cap1_marcoteo/peakpicking.png, id=1440, 642.4pt x 471.7625pt>
File: imagenes/cap1_marcoteo/peakpicking.png Graphic file (type png)
<use imagenes/cap1_marcoteo/peakpicking.png>
Package pdftex.def Info: imagenes/cap1_marcoteo/peakpicking.png  used on input line 905.
(pdftex.def)             Requested size: 290.58673pt x 213.40692pt.
 [69 <./imagenes/cap1_marcoteo/peakpicking.png>]
<imagenes/cap1_marcoteo/Half-power-bandwidth-method.png, id=1451, 597.23125pt x 409.53pt>
File: imagenes/cap1_marcoteo/Half-power-bandwidth-method.png Graphic file (type png)
<use imagenes/cap1_marcoteo/Half-power-bandwidth-method.png>
Package pdftex.def Info: imagenes/cap1_marcoteo/Half-power-bandwidth-method.png  used on input line 918.
(pdftex.def)             Requested size: 290.58673pt x 199.25919pt.
 [70 <./imagenes/cap1_marcoteo/Half-power-bandwidth-method.png>]
<imagenes/cap1_marcoteo/windows.png, id=1462, 173.64874pt x 137.01187pt>
File: imagenes/cap1_marcoteo/windows.png Graphic file (type png)
<use imagenes/cap1_marcoteo/windows.png>
Package pdftex.def Info: imagenes/cap1_marcoteo/windows.png  used on input line 941.
(pdftex.def)             Requested size: 249.07796pt x 196.53386pt.
) [71 <./imagenes/cap1_marcoteo/windows.png>]
CAP√çTULO 3.
(cap3_marco_meto.tex [72

] [73] [74] [75] [76] [77] [78]
<imagenes/cap2_marcometod/Ara√±aMICROS.png, id=1525, 585.68813pt x 327.47343pt>
File: imagenes/cap2_marcometod/Ara√±aMICROS.png Graphic file (type png)
<use imagenes/cap2_marcometod/Ara√±aMICROS.png>
Package pdftex.def Info: imagenes/cap2_marcometod/Ara√±aMICROS.png  used on input line 148.
(pdftex.def)             Requested size: 373.61061pt x 208.90271pt.
 [79]
<imagenes/cap2_marcometod/esp32.jpg, id=1532, 983.675pt x 983.675pt>
File: imagenes/cap2_marcometod/esp32.jpg Graphic file (type jpg)
<use imagenes/cap2_marcometod/esp32.jpg>
Package pdftex.def Info: imagenes/cap2_marcometod/esp32.jpg  used on input line 159.
(pdftex.def)             Requested size: 373.61061pt x 373.60526pt.
 [80 <./imagenes/cap2_marcometod/Ara√±aMICROS.png>]
<imagenes/cap2_marcometod/Ara√±aACL.png, id=1540, 414.04688pt x 339.51843pt>
File: imagenes/cap2_marcometod/Ara√±aACL.png Graphic file (type png)
<use imagenes/cap2_marcometod/Ara√±aACL.png>
Package pdftex.def Info: imagenes/cap2_marcometod/Ara√±aACL.png  used on input line 172.
(pdftex.def)             Requested size: 290.58673pt x 238.28813pt.
 [81 <./imagenes/cap2_marcometod/esp32.jpg>]
<imagenes/cap2_marcometod/MPU6050BREAKOUT.jpg, id=1548, 359.09157pt x 267.24844pt>
File: imagenes/cap2_marcometod/MPU6050BREAKOUT.jpg Graphic file (type jpg)
<use imagenes/cap2_marcometod/MPU6050BREAKOUT.jpg>
Package pdftex.def Info: imagenes/cap2_marcometod/MPU6050BREAKOUT.jpg  used on input line 204.
(pdftex.def)             Requested size: 290.58673pt x 216.27838pt.
 [82 <./imagenes/cap2_marcometod/Ara√±aACL.png>]
<imagenes/cap2_marcometod/Ara√±aTempHum.png, id=1559, 505.13719pt x 335.75438pt>
File: imagenes/cap2_marcometod/Ara√±aTempHum.png Graphic file (type png)
<use imagenes/cap2_marcometod/Ara√±aTempHum.png>
Package pdftex.def Info: imagenes/cap2_marcometod/Ara√±aTempHum.png  used on input line 216.
(pdftex.def)             Requested size: 373.61061pt x 248.33652pt.
 [83 <./imagenes/cap2_marcometod/MPU6050BREAKOUT.jpg>]
<imagenes/cap2_marcometod/BME280BREAKOUT.jpeg, id=1567, 1204.5pt x 1204.5pt>
File: imagenes/cap2_marcometod/BME280BREAKOUT.jpeg Graphic file (type jpg)
<use imagenes/cap2_marcometod/BME280BREAKOUT.jpeg>
Package pdftex.def Info: imagenes/cap2_marcometod/BME280BREAKOUT.jpeg  used on input line 248.
(pdftex.def)             Requested size: 373.61061pt x 373.6117pt.
 [84 <./imagenes/cap2_marcometod/Ara√±aTempHum.png>]
<imagenes/cap2_marcometod/Ara√±aIMU.png, id=1580, 402.75468pt x 325.215pt>
File: imagenes/cap2_marcometod/Ara√±aIMU.png Graphic file (type png)
<use imagenes/cap2_marcometod/Ara√±aIMU.png>
Package pdftex.def Info: imagenes/cap2_marcometod/Ara√±aIMU.png  used on input line 259.
(pdftex.def)             Requested size: 290.58673pt x 234.64093pt.
 [85 <./imagenes/cap2_marcometod/BME280BREAKOUT.jpeg>]
<imagenes/cap2_marcometod/MPU9250.jpeg, id=1588, 527.72156pt x 770.88pt>
File: imagenes/cap2_marcometod/MPU9250.jpeg Graphic file (type jpg)
<use imagenes/cap2_marcometod/MPU9250.jpeg>
Package pdftex.def Info: imagenes/cap2_marcometod/MPU9250.jpeg  used on input line 292.
(pdftex.def)             Requested size: 207.56285pt x 303.19449pt.
 [86 <./imagenes/cap2_marcometod/Ara√±aIMU.png>]
<imagenes/cap2_marcometod/Ara√±aTransmisores.png, id=1601, 444.15938pt x 337.26pt>
File: imagenes/cap2_marcometod/Ara√±aTransmisores.png Graphic file (type png)
<use imagenes/cap2_marcometod/Ara√±aTransmisores.png>
Package pdftex.def Info: imagenes/cap2_marcometod/Ara√±aTransmisores.png  used on input line 304.
(pdftex.def)             Requested size: 290.58673pt x 220.64703pt.
 [87 <./imagenes/cap2_marcometod/MPU9250.jpeg>] [88 <./imagenes/cap2_marcometod/Ara√±aTransmisores.png>] [89] [90] [91]
<imagenes/cap2_marcometod/EsquemaGeneralSistema.png, id=1626, 735.74875pt x 482.80376pt>
File: imagenes/cap2_marcometod/EsquemaGeneralSistema.png Graphic file (type png)
<use imagenes/cap2_marcometod/EsquemaGeneralSistema.png>
Package pdftex.def Info: imagenes/cap2_marcometod/EsquemaGeneralSistema.png  used on input line 374.
(pdftex.def)             Requested size: 415.12572pt x 272.41628pt.
 [92 <./imagenes/cap2_marcometod/EsquemaGeneralSistema.png>]
<imagenes/cap2_marcometod/DiagramaHardwareSmartSensor.png, id=1636, 732.7375pt x 543.02875pt>
File: imagenes/cap2_marcometod/DiagramaHardwareSmartSensor.png Graphic file (type png)
<use imagenes/cap2_marcometod/DiagramaHardwareSmartSensor.png>
Package pdftex.def Info: imagenes/cap2_marcometod/DiagramaHardwareSmartSensor.png  used on input line 389.
(pdftex.def)             Requested size: 373.61061pt x 276.88298pt.
<imagenes/cap2_marcometod/DiagramaHardwareEstacionBase.png, id=1637, 588.1975pt x 372.39125pt>
File: imagenes/cap2_marcometod/DiagramaHardwareEstacionBase.png Graphic file (type png)
<use imagenes/cap2_marcometod/DiagramaHardwareEstacionBase.png>
Package pdftex.def Info: imagenes/cap2_marcometod/DiagramaHardwareEstacionBase.png  used on input line 398.
(pdftex.def)             Requested size: 373.61061pt x 236.534pt.
 [93 <./imagenes/cap2_marcometod/DiagramaHardwareSmartSensor.png>]
<imagenes/cap2_marcometod/Toolchain.png, id=1646, 507.8975pt x 378.41376pt>
File: imagenes/cap2_marcometod/Toolchain.png Graphic file (type png)
<use imagenes/cap2_marcometod/Toolchain.png>
Package pdftex.def Info: imagenes/cap2_marcometod/Toolchain.png  used on input line 414.
(pdftex.def)             Requested size: 332.10184pt x 247.4442pt.
 [94 <./imagenes/cap2_marcometod/DiagramaHardwareEstacionBase.png>] [95 <./imagenes/cap2_marcometod/Toolchain.png>] [96] [97] [98] [99] [100] [101] (C:\Users\jatov\AppData\Local\Programs\MiKTeX\tex/latex/listings\lstlang1.sty
File: lstlang1.sty 2023/02/27 1.9 listings language file
) (C:\Users\jatov\AppData\Local\Programs\MiKTeX\tex/latex/listings\lstlang1.sty
File: lstlang1.sty 2023/02/27 1.9 listings language file
) (C:\Users\jatov\AppData\Local\Programs\MiKTeX\tex/latex/listings\lstmisc.sty
File: lstmisc.sty 2023/02/27 1.9 (Carsten Heinz)
)
Package hyperref Info: bookmark level for unknown lstlisting defaults to 0 on input line 496.
LaTeX Font Info:    Trying to load font information for T1+cmtt on input line 496.
 (C:\Users\jatov\AppData\Local\Programs\MiKTeX\tex/latex/base\t1cmtt.fd
File: t1cmtt.fd 2022/07/10 v2.5l Standard LaTeX font definitions
)
Overfull \hbox (19.56947pt too wide) in paragraph at lines 507--508
[]\T1/cmr/m/n/12 BufferACL: Es-truc-tu-ra que al-ma-ce-na los da-tos pro-ve-nien-tes del sen-sor MPU6050
 []

[102] [103] [104] [105]
Overfull \hbox (2.35281pt too wide) in paragraph at lines 556--557
[]\T1/cmr/m/n/12 La in-te-rrup-ciÛn se ge-ne-ra gra-cias a la con-fi-gu-ra-ciÛn del mÛ-du-lo Ra-02 SX1278
 []

[106] [107] [108] [109] [110] [111] [112] [113]) [114] [115]
CAP√çTULO 4.
(cap4_pruebas_resul.tex [116

]
<imagenes/cap3_resultados/Pruebas LoRa/MapaLora.png, id=1835, 581.17125pt x 399.74344pt>
File: imagenes/cap3_resultados/Pruebas LoRa/MapaLora.png Graphic file (type png)
<use imagenes/cap3_resultados/Pruebas LoRa/MapaLora.png>
Package pdftex.def Info: imagenes/cap3_resultados/Pruebas LoRa/MapaLora.png  used on input line 23.
(pdftex.def)             Requested size: 373.61061pt x 256.98164pt.
 [117 <./imagenes/cap3_resultados/Pruebas LoRa/MapaLora.png>] [118]
<imagenes/cap3_resultados/Pruebas ACL/Inclinacion/Comparacion entre Metodo1 (ACL) y Metodo 2 (Kalman) ante vibraciones.png, id=1846, 758.835pt x 493.845pt>
File: imagenes/cap3_resultados/Pruebas ACL/Inclinacion/Comparacion entre Metodo1 (ACL) y Metodo 2 (Kalman) ante vibraciones.png Graphic file (type png)
<use imagenes/cap3_resultados/Pruebas ACL/Inclinacion/Comparacion entre Metodo1 (ACL) y Metodo 2 (Kalman) ante vibraciones.png>
Package pdftex.def Info: imagenes/cap3_resultados/Pruebas ACL/Inclinacion/Comparacion entre Metodo1 (ACL) y Metodo 2 (Kalman) ante vibraciones.png  used on input line 81.
(pdftex.def)             Requested size: 332.10184pt x 216.132pt.
 [119 <./imagenes/cap3_resultados/Pruebas ACL/Inclinacion/Comparacion entre Metodo1 (ACL) y Metodo 2 (Kalman) ante vibraciones.png>]
<imagenes/cap3_resultados/Pruebas ACL/Inclinacion/PruebaInclinacion.png, id=1853, 655.69969pt x 392.96812pt>
File: imagenes/cap3_resultados/Pruebas ACL/Inclinacion/PruebaInclinacion.png Graphic file (type png)
<use imagenes/cap3_resultados/Pruebas ACL/Inclinacion/PruebaInclinacion.png>
Package pdftex.def Info: imagenes/cap3_resultados/Pruebas ACL/Inclinacion/PruebaInclinacion.png  used on input line 92.
(pdftex.def)             Requested size: 332.10184pt x 199.03195pt.
<imagenes/cap3_resultados/Pruebas ACL/Inclinacion/Comparacion M1 M2 M3 (Maggwick) ante vibraciones.png, id=1854, 599.23875pt x 427.5975pt>
File: imagenes/cap3_resultados/Pruebas ACL/Inclinacion/Comparacion M1 M2 M3 (Maggwick) ante vibraciones.png Graphic file (type png)
<use imagenes/cap3_resultados/Pruebas ACL/Inclinacion/Comparacion M1 M2 M3 (Maggwick) ante vibraciones.png>
Package pdftex.def Info: imagenes/cap3_resultados/Pruebas ACL/Inclinacion/Comparacion M1 M2 M3 (Maggwick) ante vibraciones.png  used on input line 101.
(pdftex.def)             Requested size: 373.61061pt x 266.60184pt.
 [120 <./imagenes/cap3_resultados/Pruebas ACL/Inclinacion/PruebaInclinacion.png>]
<imagenes/cap3_resultados/Pruebas ACL/Inclinacion/Comparacion M1 M2 M3 (Maggwick) ante movimiento aleatorios.png, id=1860, 598.48593pt x 429.85594pt>
File: imagenes/cap3_resultados/Pruebas ACL/Inclinacion/Comparacion M1 M2 M3 (Maggwick) ante movimiento aleatorios.png Graphic file (type png)
<use imagenes/cap3_resultados/Pruebas ACL/Inclinacion/Comparacion M1 M2 M3 (Maggwick) ante movimiento aleatorios.png>
Package pdftex.def Info: imagenes/cap3_resultados/Pruebas ACL/Inclinacion/Comparacion M1 M2 M3 (Maggwick) ante movimiento aleatorios.png  used on input line 111.
(pdftex.def)             Requested size: 332.10184pt x 238.53351pt.
 [121 <./imagenes/cap3_resultados/Pruebas ACL/Inclinacion/Comparacion M1 M2 M3 (Maggwick) ante vibraciones.png>] [122 <./imagenes/cap3_resultados/Pruebas ACL/Inclinacion/Comparacion M1 M2 M3 (Maggwick) ante movimiento aleatorios.png>]
<imagenes/cap3_resultados/Ensayos/NationalInstruments_PCI6221.jpg, id=1876, 903.375pt x 677.53125pt>
File: imagenes/cap3_resultados/Ensayos/NationalInstruments_PCI6221.jpg Graphic file (type jpg)
<use imagenes/cap3_resultados/Ensayos/NationalInstruments_PCI6221.jpg>
Package pdftex.def Info: imagenes/cap3_resultados/Ensayos/NationalInstruments_PCI6221.jpg  used on input line 132.
(pdftex.def)             Requested size: 332.10184pt x 249.0802pt.
<imagenes/cap3_resultados/Ensayos/National_Instruments_SCB_68.jpg, id=1877, 451.6875pt x 451.6875pt>
File: imagenes/cap3_resultados/Ensayos/National_Instruments_SCB_68.jpg Graphic file (type jpg)
<use imagenes/cap3_resultados/Ensayos/National_Instruments_SCB_68.jpg>
Package pdftex.def Info: imagenes/cap3_resultados/Ensayos/National_Instruments_SCB_68.jpg  used on input line 139.
(pdftex.def)             Requested size: 332.10184pt x 332.12071pt.
 [123 <./imagenes/cap3_resultados/Ensayos/NationalInstruments_PCI6221.jpg>] [124 <./imagenes/cap3_resultados/Ensayos/National_Instruments_SCB_68.jpg>]
<imagenes/cap3_resultados/Ensayos/FBA11.jpg, id=1890, 1606.0pt x 1069.9975pt>
File: imagenes/cap3_resultados/Ensayos/FBA11.jpg Graphic file (type jpg)
<use imagenes/cap3_resultados/Ensayos/FBA11.jpg>
Package pdftex.def Info: imagenes/cap3_resultados/Ensayos/FBA11.jpg  used on input line 171.
(pdftex.def)             Requested size: 332.10184pt x 221.26114pt.
 [125 <./imagenes/cap3_resultados/Ensayos/FBA11.jpg>]
<imagenes/cap3_resultados/Ensayos/CONFIGURACION1.png, id=1897, 432.61626pt x 370.38374pt>
File: imagenes/cap3_resultados/Ensayos/CONFIGURACION1.png Graphic file (type png)
<use imagenes/cap3_resultados/Ensayos/CONFIGURACION1.png>
Package pdftex.def Info: imagenes/cap3_resultados/Ensayos/CONFIGURACION1.png  used on input line 215.
(pdftex.def)             Requested size: 332.10184pt x 284.33731pt.
 [126]
<imagenes/cap3_resultados/Ensayos/CONFIGURACION1PLANTA.png, id=1902, 521.95pt x 210.7875pt>
File: imagenes/cap3_resultados/Ensayos/CONFIGURACION1PLANTA.png Graphic file (type png)
<use imagenes/cap3_resultados/Ensayos/CONFIGURACION1PLANTA.png>
Package pdftex.def Info: imagenes/cap3_resultados/Ensayos/CONFIGURACION1PLANTA.png  used on input line 222.
(pdftex.def)             Requested size: 332.10184pt x 134.11874pt.
<imagenes/cap3_resultados/Ensayos/InstrumentacionConf1FBA.jpg, id=1905, 603.75563pt x 465.99094pt>
File: imagenes/cap3_resultados/Ensayos/InstrumentacionConf1FBA.jpg Graphic file (type jpg)
<use imagenes/cap3_resultados/Ensayos/InstrumentacionConf1FBA.jpg>
Package pdftex.def Info: imagenes/cap3_resultados/Ensayos/InstrumentacionConf1FBA.jpg  used on input line 233.
(pdftex.def)             Requested size: 249.07796pt x 192.23785pt.
<imagenes/cap3_resultados/Ensayos/InstrumentacionConf1FBASmartSensor.jpg, id=1906, 605.26125pt x 481.04718pt>
File: imagenes/cap3_resultados/Ensayos/InstrumentacionConf1FBASmartSensor.jpg Graphic file (type jpg)
<use imagenes/cap3_resultados/Ensayos/InstrumentacionConf1FBASmartSensor.jpg>
Package pdftex.def Info: imagenes/cap3_resultados/Ensayos/InstrumentacionConf1FBASmartSensor.jpg  used on input line 235.
(pdftex.def)             Requested size: 249.07796pt x 197.95729pt.
 [127 <./imagenes/cap3_resultados/Ensayos/CONFIGURACION1.png> <./imagenes/cap3_resultados/Ensayos/CONFIGURACION1PLANTA.png>] [128 <./imagenes/cap3_resultados/Ensayos/InstrumentacionConf1FBA.jpg> <./imagenes/cap3_resultados/Ensayos/InstrumentacionConf1FBASmartSensor.jpg>]
<imagenes/cap3_resultados/Ensayos/GUI1.jpg, id=1924, 1028.34187pt x 537.50812pt>
File: imagenes/cap3_resultados/Ensayos/GUI1.jpg Graphic file (type jpg)
<use imagenes/cap3_resultados/Ensayos/GUI1.jpg>
Package pdftex.def Info: imagenes/cap3_resultados/Ensayos/GUI1.jpg  used on input line 244.
(pdftex.def)             Requested size: 415.12572pt x 216.98425pt.
<imagenes/cap3_resultados/Ensayos/GUI2.jpg, id=1925, 1028.34187pt x 542.77782pt>
File: imagenes/cap3_resultados/Ensayos/GUI2.jpg Graphic file (type jpg)
<use imagenes/cap3_resultados/Ensayos/GUI2.jpg>
Package pdftex.def Info: imagenes/cap3_resultados/Ensayos/GUI2.jpg  used on input line 251.
(pdftex.def)             Requested size: 415.12572pt x 219.11154pt.
 [129 <./imagenes/cap3_resultados/Ensayos/GUI1.jpg> <./imagenes/cap3_resultados/Ensayos/GUI2.jpg>]
<imagenes/cap3_resultados/Ensayos/datosmatlab.png, id=1932, 1027.58907pt x 542.77782pt>
File: imagenes/cap3_resultados/Ensayos/datosmatlab.png Graphic file (type png)
<use imagenes/cap3_resultados/Ensayos/datosmatlab.png>
Package pdftex.def Info: imagenes/cap3_resultados/Ensayos/datosmatlab.png  used on input line 262.
(pdftex.def)             Requested size: 415.12572pt x 219.2689pt.
 [130 <./imagenes/cap3_resultados/Ensayos/datosmatlab.png>]
<imagenes/cap3_resultados/Ensayos/VibHammer6EsteOesteNIDAQ.jpg, id=1940, 861.9703pt x 453.19313pt>
File: imagenes/cap3_resultados/Ensayos/VibHammer6EsteOesteNIDAQ.jpg Graphic file (type jpg)
<use imagenes/cap3_resultados/Ensayos/VibHammer6EsteOesteNIDAQ.jpg>
Package pdftex.def Info: imagenes/cap3_resultados/Ensayos/VibHammer6EsteOesteNIDAQ.jpg  used on input line 299.
(pdftex.def)             Requested size: 415.12572pt x 218.26323pt.
<imagenes/cap3_resultados/Ensayos/VibHammer6EsteOesteEspectroNIDAQ.jpg, id=1941, 872.50969pt x 455.45157pt>
File: imagenes/cap3_resultados/Ensayos/VibHammer6EsteOesteEspectroNIDAQ.jpg Graphic file (type jpg)
<use imagenes/cap3_resultados/Ensayos/VibHammer6EsteOesteEspectroNIDAQ.jpg>
Package pdftex.def Info: imagenes/cap3_resultados/Ensayos/VibHammer6EsteOesteEspectroNIDAQ.jpg  used on input line 301.
(pdftex.def)             Requested size: 415.12572pt x 216.69617pt.
 [131] [132 <./imagenes/cap3_resultados/Ensayos/VibHammer6EsteOesteNIDAQ.jpg> <./imagenes/cap3_resultados/Ensayos/VibHammer6EsteOesteEspectroNIDAQ.jpg>]
<imagenes/cap3_resultados/Ensayos/VibHammer6EsteOesteSMARTSENSOR.jpg, id=1954, 1028.34187pt x 524.71031pt>
File: imagenes/cap3_resultados/Ensayos/VibHammer6EsteOesteSMARTSENSOR.jpg Graphic file (type jpg)
<use imagenes/cap3_resultados/Ensayos/VibHammer6EsteOesteSMARTSENSOR.jpg>
Package pdftex.def Info: imagenes/cap3_resultados/Ensayos/VibHammer6EsteOesteSMARTSENSOR.jpg  used on input line 310.
(pdftex.def)             Requested size: 415.12572pt x 211.81795pt.
<imagenes/cap3_resultados/Ensayos/VibHammer1NorteSurSMARTSENSORVentana2.jpg, id=1955, 1005.7575pt x 537.50812pt>
File: imagenes/cap3_resultados/Ensayos/VibHammer1NorteSurSMARTSENSORVentana2.jpg Graphic file (type jpg)
<use imagenes/cap3_resultados/Ensayos/VibHammer1NorteSurSMARTSENSORVentana2.jpg>
Package pdftex.def Info: imagenes/cap3_resultados/Ensayos/VibHammer1NorteSurSMARTSENSORVentana2.jpg  used on input line 317.
(pdftex.def)             Requested size: 415.12572pt x 221.85606pt.
 [133 <./imagenes/cap3_resultados/Ensayos/VibHammer6EsteOesteSMARTSENSOR.jpg>]
<imagenes/cap3_resultados/Ensayos/VibHammer1NorteSurNIDAQ.jpg, id=1963, 865.73438pt x 457.71pt>
File: imagenes/cap3_resultados/Ensayos/VibHammer1NorteSurNIDAQ.jpg Graphic file (type jpg)
<use imagenes/cap3_resultados/Ensayos/VibHammer1NorteSurNIDAQ.jpg>
Package pdftex.def Info: imagenes/cap3_resultados/Ensayos/VibHammer1NorteSurNIDAQ.jpg  used on input line 328.
(pdftex.def)             Requested size: 415.12572pt x 219.47481pt.
<imagenes/cap3_resultados/Ensayos/VibHammer1NorteSurEspectroNIDAQ.jpg, id=1964, 877.77937pt x 454.69875pt>
File: imagenes/cap3_resultados/Ensayos/VibHammer1NorteSurEspectroNIDAQ.jpg Graphic file (type jpg)
<use imagenes/cap3_resultados/Ensayos/VibHammer1NorteSurEspectroNIDAQ.jpg>
Package pdftex.def Info: imagenes/cap3_resultados/Ensayos/VibHammer1NorteSurEspectroNIDAQ.jpg  used on input line 330.
(pdftex.def)             Requested size: 415.12572pt x 215.04056pt.
 [134 <./imagenes/cap3_resultados/Ensayos/VibHammer1NorteSurSMARTSENSORVentana2.jpg>]
<imagenes/cap3_resultados/Ensayos/VibHammer1NorteSurSMARTSENSOR.jpg, id=1971, 1017.8025pt x 520.19344pt>
File: imagenes/cap3_resultados/Ensayos/VibHammer1NorteSurSMARTSENSOR.jpg Graphic file (type jpg)
<use imagenes/cap3_resultados/Ensayos/VibHammer1NorteSurSMARTSENSOR.jpg>
Package pdftex.def Info: imagenes/cap3_resultados/Ensayos/VibHammer1NorteSurSMARTSENSOR.jpg  used on input line 339.
(pdftex.def)             Requested size: 415.12572pt x 212.16943pt.
 [135 <./imagenes/cap3_resultados/Ensayos/VibHammer1NorteSurNIDAQ.jpg> <./imagenes/cap3_resultados/Ensayos/VibHammer1NorteSurEspectroNIDAQ.jpg>] [136 <./imagenes/cap3_resultados/Ensayos/VibHammer1NorteSurSMARTSENSOR.jpg>]
<imagenes/cap3_resultados/Ensayos/AmpVibLibreSinLastresNIDAQ.jpg, id=1984, 882.29625pt x 455.45157pt>
File: imagenes/cap3_resultados/Ensayos/AmpVibLibreSinLastresNIDAQ.jpg Graphic file (type jpg)
<use imagenes/cap3_resultados/Ensayos/AmpVibLibreSinLastresNIDAQ.jpg>
Package pdftex.def Info: imagenes/cap3_resultados/Ensayos/AmpVibLibreSinLastresNIDAQ.jpg  used on input line 356.
(pdftex.def)             Requested size: 415.12572pt x 214.2916pt.
<imagenes/cap3_resultados/Ensayos/VibLibreSinLastresNIDAQ.jpg, id=1985, 875.52094pt x 453.19313pt>
File: imagenes/cap3_resultados/Ensayos/VibLibreSinLastresNIDAQ.jpg Graphic file (type jpg)
<use imagenes/cap3_resultados/Ensayos/VibLibreSinLastresNIDAQ.jpg>
Package pdftex.def Info: imagenes/cap3_resultados/Ensayos/VibLibreSinLastresNIDAQ.jpg  used on input line 358.
(pdftex.def)             Requested size: 415.12572pt x 214.88171pt.
 [137]
<imagenes/cap3_resultados/Ensayos/VibLibreSinLastresSMARTSENSOR.jpg, id=1991, 1028.34187pt x 516.42938pt>
File: imagenes/cap3_resultados/Ensayos/VibLibreSinLastresSMARTSENSOR.jpg Graphic file (type jpg)
<use imagenes/cap3_resultados/Ensayos/VibLibreSinLastresSMARTSENSOR.jpg>
Package pdftex.def Info: imagenes/cap3_resultados/Ensayos/VibLibreSinLastresSMARTSENSOR.jpg  used on input line 367.
(pdftex.def)             Requested size: 415.12572pt x 208.47507pt.
 [138 <./imagenes/cap3_resultados/Ensayos/AmpVibLibreSinLastresNIDAQ.jpg> <./imagenes/cap3_resultados/Ensayos/VibLibreSinLastresNIDAQ.jpg>]
<imagenes/cap3_resultados/Ensayos/AmplitudVibLibreLastresNIDAQ1.jpg, id=2000, 901.11656pt x 456.95718pt>
File: imagenes/cap3_resultados/Ensayos/AmplitudVibLibreLastresNIDAQ1.jpg Graphic file (type jpg)
<use imagenes/cap3_resultados/Ensayos/AmplitudVibLibreLastresNIDAQ1.jpg>
Package pdftex.def Info: imagenes/cap3_resultados/Ensayos/AmplitudVibLibreLastresNIDAQ1.jpg  used on input line 378.
(pdftex.def)             Requested size: 415.12572pt x 210.50964pt.
<imagenes/cap3_resultados/Ensayos/VibLibreLastresNIDAQ1.jpg, id=2001, 877.77937pt x 455.45157pt>
File: imagenes/cap3_resultados/Ensayos/VibLibreLastresNIDAQ1.jpg Graphic file (type jpg)
<use imagenes/cap3_resultados/Ensayos/VibLibreLastresNIDAQ1.jpg>
Package pdftex.def Info: imagenes/cap3_resultados/Ensayos/VibLibreLastresNIDAQ1.jpg  used on input line 380.
(pdftex.def)             Requested size: 415.12572pt x 215.39659pt.
 [139 <./imagenes/cap3_resultados/Ensayos/VibLibreSinLastresSMARTSENSOR.jpg>]
<imagenes/cap3_resultados/Ensayos/VibLibreLastresSMARTSENSOR.jpg, id=2007, 1026.08344pt x 517.935pt>
File: imagenes/cap3_resultados/Ensayos/VibLibreLastresSMARTSENSOR.jpg Graphic file (type jpg)
<use imagenes/cap3_resultados/Ensayos/VibLibreLastresSMARTSENSOR.jpg>
Package pdftex.def Info: imagenes/cap3_resultados/Ensayos/VibLibreLastresSMARTSENSOR.jpg  used on input line 390.
(pdftex.def)             Requested size: 415.12572pt x 209.54123pt.
 [140 <./imagenes/cap3_resultados/Ensayos/AmplitudVibLibreLastresNIDAQ1.jpg> <./imagenes/cap3_resultados/Ensayos/VibLibreLastresNIDAQ1.jpg>] [141 <./imagenes/cap3_resultados/Ensayos/VibLibreLastresSMARTSENSOR.jpg>]
<imagenes/cap3_resultados/Ensayos/AmplitudVibAmb2NIDAQ1.jpg, id=2025, 889.07156pt x 450.18187pt>
File: imagenes/cap3_resultados/Ensayos/AmplitudVibAmb2NIDAQ1.jpg Graphic file (type jpg)
<use imagenes/cap3_resultados/Ensayos/AmplitudVibAmb2NIDAQ1.jpg>
Package pdftex.def Info: imagenes/cap3_resultados/Ensayos/AmplitudVibAmb2NIDAQ1.jpg  used on input line 406.
(pdftex.def)             Requested size: 415.12572pt x 210.19792pt.
<imagenes/cap3_resultados/Ensayos/VibAmb2EspectroNIDAQ1.jpg, id=2026, 888.31876pt x 461.47406pt>
File: imagenes/cap3_resultados/Ensayos/VibAmb2EspectroNIDAQ1.jpg Graphic file (type jpg)
<use imagenes/cap3_resultados/Ensayos/VibAmb2EspectroNIDAQ1.jpg>
Package pdftex.def Info: imagenes/cap3_resultados/Ensayos/VibAmb2EspectroNIDAQ1.jpg  used on input line 408.
(pdftex.def)             Requested size: 415.12572pt x 215.65352pt.
 [142]
<imagenes/cap3_resultados/Ensayos/VibAmb2SmartSensorGUI.jpg, id=2034, 1028.34187pt x 526.96875pt>
File: imagenes/cap3_resultados/Ensayos/VibAmb2SmartSensorGUI.jpg Graphic file (type jpg)
<use imagenes/cap3_resultados/Ensayos/VibAmb2SmartSensorGUI.jpg>
Package pdftex.def Info: imagenes/cap3_resultados/Ensayos/VibAmb2SmartSensorGUI.jpg  used on input line 417.
(pdftex.def)             Requested size: 415.12572pt x 212.72964pt.
 [143 <./imagenes/cap3_resultados/Ensayos/AmplitudVibAmb2NIDAQ1.jpg> <./imagenes/cap3_resultados/Ensayos/VibAmb2EspectroNIDAQ1.jpg>]
<imagenes/cap3_resultados/Ensayos/AmplitudVibAmb2CONCATENADASMARTSENSOR.jpg, id=2043, 879.285pt x 451.6875pt>
File: imagenes/cap3_resultados/Ensayos/AmplitudVibAmb2CONCATENADASMARTSENSOR.jpg Graphic file (type jpg)
<use imagenes/cap3_resultados/Ensayos/AmplitudVibAmb2CONCATENADASMARTSENSOR.jpg>
Package pdftex.def Info: imagenes/cap3_resultados/Ensayos/AmplitudVibAmb2CONCATENADASMARTSENSOR.jpg  used on input line 428.
(pdftex.def)             Requested size: 415.12572pt x 213.24426pt.
 [144 <./imagenes/cap3_resultados/Ensayos/VibAmb2SmartSensorGUI.jpg>]
<imagenes/cap3_resultados/Ensayos/VibAmb2EspectroCONC.jpg, id=2049, 876.27374pt x 457.71pt>
File: imagenes/cap3_resultados/Ensayos/VibAmb2EspectroCONC.jpg Graphic file (type jpg)
<use imagenes/cap3_resultados/Ensayos/VibAmb2EspectroCONC.jpg>
Package pdftex.def Info: imagenes/cap3_resultados/Ensayos/VibAmb2EspectroCONC.jpg  used on input line 437.
(pdftex.def)             Requested size: 415.12572pt x 216.83482pt.
) [145 <./imagenes/cap3_resultados/Ensayos/AmplitudVibAmb2CONCATENADASMARTSENSOR.jpg> <./imagenes/cap3_resultados/Ensayos/VibAmb2EspectroCONC.jpg>] [146]
CAP√çTULO 5.
(cap5_conclu.tex [147

]) [148] [149]
CAP√çTULO 6.
(cap6_recom.tex [150

] [151] [152]) [153]
Ap√©ndice I.
(anexos1.tex [154

] [155] [156] [157] [158] [159] [160] [161] [162] [163] [164] [165] [166]) [167]
Ap√©ndice II.
(anexos2.tex [168

] [169] [170] [171] [172] [173] [174] [175] [176] [177] [178] [179] [180]) [181]
Ap√©ndice III.
(anexos3.tex (C:\Users\jatov\AppData\Local\Programs\MiKTeX\tex/latex/listings\lstlang1.sty
File: lstlang1.sty 2023/02/27 1.9 listings language file
) [182

] [183] [184] [185] [186] [187] [188] [189] [190] [191] [192] [193] [194] [195] [196]) [197] (EIETdeG.bbl
Underfull \hbox (badness 4001) in paragraph at lines 170--186
\T1/cmtt/m/n/12 .com / 20190829 / carriers / lpwa [] -matchup [] -round [] -five$[]   \T1/cmr/m/n/12 (Con-sul-ta-do:
 []

[198

]
Underfull \hbox (badness 1221) in paragraph at lines 353--368
[]\T1/cmr/m/n/12 Ewald, W.  (2021).  \T1/cmr/m/it/12 Mpu9250 - 9-axis sen-sor mo-du-le - part 1.  \T1/cmr/m/n/12 Des-
 []


Underfull \hbox (badness 2538) in paragraph at lines 353--368
\T1/cmr/m/n/12 car-ga-do de []$\T1/cmtt/m/n/12 https :// wolles [] -elektronikkiste [] .de / en / mpu9250 [] -9 [] -axis []
 []


Underfull \hbox (badness 1990) in paragraph at lines 382--395
[]\T1/cmr/m/n/12 Farrar, C. R., y Wor-den, K.  (2007).  An in-tro-duc-tion to struc-tu-ral
 []


Underfull \hbox (badness 1383) in paragraph at lines 484--497
[]\T1/cmr/m/n/12 FreeRTOS.  (2024).  \T1/cmr/m/it/12 Freer-tos do-cu-men-ta-tion.  \T1/cmr/m/n/12 Des-car-ga-do de []$\T1/cmtt/m/n/12 https ://
 []


Underfull \hbox (badness 7468) in paragraph at lines 484--497
\T1/cmtt/m/n/12 www [] .freertos [] .org / Documentation / RTOS [] []book [] .html$[]   \T1/cmr/m/n/12 (Con-sul-ta-do:
 []

[199]
Underfull \hbox (badness 1107) in paragraph at lines 821--836
[]\T1/cmr/m/n/12 Mechatronics, N.  (2016).  \T1/cmr/m/it/12 Tu-to-rial mpu6050, ace-le-r”-me-tro y gi-ros-co-pio.
 []


Underfull \hbox (badness 2343) in paragraph at lines 821--836
\T1/cmr/m/n/12 Des-car-ga-do de []$\T1/cmtt/m/n/12 https :// naylampmechatronics [] .com / blog / 45 [] []tutorial []
 []

[200]
Underfull \hbox (badness 6204) in paragraph at lines 848--863
[]\T1/cmr/m/n/12 Mechatronics, N.  (2023).  \T1/cmr/m/it/12 Sen-sor bme280 pre-si”n, tem-pe-ra-tu-ra y
 []


Underfull \hbox (badness 10000) in paragraph at lines 848--863
\T1/cmr/m/it/12 hu-me-dad.  \T1/cmr/m/n/12 Des-car-ga-do de []$\T1/cmtt/m/n/12 https :// naylampmechatronics [] .com /
 []


Underfull \hbox (badness 10000) in paragraph at lines 848--863
\T1/cmtt/m/n/12 sensores [] -posicion [] -inerciales [] -gps / 357 [] -sensor [] -bme280 [] -presion []
 []


Underfull \hbox (badness 1009) in paragraph at lines 1029--1045
[]\T1/cmr/m/n/12 Semtech.  (2015).  \T1/cmr/m/it/12 Sx1276/77/78/79 - 137 mhz to 1020 mhz low po-wer
 []


Underfull \hbox (badness 7468) in paragraph at lines 1029--1045
\T1/cmtt/m/n/12 .com / products / wireless [] -rf / lora [] -connect / sx1278$[]   \T1/cmr/m/n/12 (Con-sul-ta-do:
 []

[201]
Underfull \hbox (badness 3199) in paragraph at lines 1113--1128
[]\T1/cmr/m/n/12 Siemens.  (2019).  \T1/cmr/m/it/12 What is the fou-rier trans-form?  \T1/cmr/m/n/12 Des-car-ga-do de
 []


Underfull \hbox (badness 10000) in paragraph at lines 1113--1128
[]$\T1/cmtt/m/n/12 https :// community [] .sw [] .siemens [] .com / s / article / what [] -is [] -the [] -fourier []
 []


Underfull \hbox (badness 2384) in paragraph at lines 1167--1182
[]\T1/cmr/m/n/12 Song, E. Y., y Lee, K.  (2008).  Un-ders-tan-ding ieee 1451-networked
 []


Underfull \hbox (badness 10000) in paragraph at lines 1220--1234
\T1/cmtt/m/n/12 docs [] .espressif [] .com / projects / esp [] -idf / en / stable / esp32 / index [] .html$[]
 []


Underfull \hbox (badness 1635) in paragraph at lines 1248--1260
[]\T1/cmr/m/n/12 Worden, K., y Fris-well, M. I.  (2009).  Modal--vibration-based da-ma-ge
 []

) (EIETdeG.ind) [202] (EIETdeG.aux
LaTeX Info: Redefining \. on input line 23.
LaTeX Info: Redefining \% on input line 23.
)
Package rerunfilecheck Info: File `EIETdeG.out' has not changed.
(rerunfilecheck)             Checksum: D0387C07D3C55B99593A70A5E7B54779;19390.
 ) 
Here is how much of TeX's memory you used:
 22108 strings out of 476410
 374675 string characters out of 5789114
 2240845 words of memory out of 5000000
 40229 multiletter control sequences out of 15000+600000
 528281 words of font info for 79 fonts, out of 8000000 for 9000
 1168 hyphenation exceptions out of 8191
 80i,16n,82p,1593b,2218s stack positions out of 10000i,1000n,20000p,200000b,200000s
 <C:\Users\jatov\AppData\Local\MiKTeX\fonts/pk/ljfour/jknappen/ec/dpi600\ectt1200.pk> <C:\Users\jatov\AppData\Local\MiKTeX\fonts/pk/ljfour/jknappen/ec/dpi600\ecrm1000.pk> <C:\Users\jatov\AppData\Local\MiKTeX\fonts/pk/ljfour/jknappen/ec/dpi600\ecrm0800.pk> <C:\Users\jatov\AppData\Local\MiKTeX\fonts/pk/ljfour/jknappen/ec/dpi600\ectt1000.pk> <C:\Users\jatov\AppData\Local\MiKTeX\fonts/pk/ljfour/jknappen/ec/dpi600\ecrm0600.pk> <C:\Users\jatov\AppData\Local\MiKTeX\fonts/pk/ljfour/jknappen/ec/dpi600\tcrm1200.pk> <C:\Users\jatov\AppData\Local\MiKTeX\fonts/pk/ljfour/jknappen/ec/dpi600\ecxc1200.pk> <C:\Users\jatov\AppData\Local\MiKTeX\fonts/pk/ljfour/jknappen/ec/dpi600\ecrm1440.pk> <C:\Users\jatov\AppData\Local\MiKTeX\fonts/pk/ljfour/jknappen/ec/dpi600\ecbx1200.pk> <C:\Users\jatov\AppData\Local\MiKTeX\fonts/pk/ljfour/jknappen/ec/dpi600\eccc1200.pk> <C:\Users\jatov\AppData\Local\MiKTeX\fonts/pk/ljfour/jknappen/ec/dpi600\ecti1200.pk> <C:\Users\jatov\AppData\Local\MiKTeX\fonts/pk/ljfour/jknappen/ec/dpi600\ecrm1200.pk> <C:\Users\jatov\AppData\Local\MiKTeX\fonts/pk/ljfour/jknappen/ec/dpi600\ecbx1440.pk><C:/Users/jatov/AppData/Local/Programs/MiKTeX/fonts/type1/public/amsfonts/cm/cmex10.pfb><C:/Users/jatov/AppData/Local/Programs/MiKTeX/fonts/type1/public/amsfonts/cm/cmmi12.pfb><C:/Users/jatov/AppData/Local/Programs/MiKTeX/fonts/type1/public/amsfonts/cm/cmmi8.pfb><C:/Users/jatov/AppData/Local/Programs/MiKTeX/fonts/type1/public/amsfonts/cm/cmr12.pfb><C:/Users/jatov/AppData/Local/Programs/MiKTeX/fonts/type1/public/amsfonts/cm/cmr6.pfb><C:/Users/jatov/AppData/Local/Programs/MiKTeX/fonts/type1/public/amsfonts/cm/cmr8.pfb><C:/Users/jatov/AppData/Local/Programs/MiKTeX/fonts/type1/public/amsfonts/cm/cmsy10.pfb><C:/Users/jatov/AppData/Local/Programs/MiKTeX/fonts/type1/public/amsfonts/cm/cmsy8.pfb>
Output written on EIETdeG.pdf (219 pages, 5648999 bytes).
PDF statistics:
 4488 PDF objects out of 5155 (max. 8388607)
 1796 named destinations out of 2073 (max. 500000)
 1081 words of extra memory for PDF output out of 10000 (max. 10000000)

